ARM GAS  /tmp/ccV6o0cS.s 			page 1


   1              		.cpu cortex-m0plus
   2              		.arch armv6s-m
   3              		.fpu softvfp
   4              		.eabi_attribute 20, 1
   5              		.eabi_attribute 21, 1
   6              		.eabi_attribute 23, 3
   7              		.eabi_attribute 24, 1
   8              		.eabi_attribute 25, 1
   9              		.eabi_attribute 26, 1
  10              		.eabi_attribute 30, 1
  11              		.eabi_attribute 34, 0
  12              		.eabi_attribute 18, 4
  13              		.file	"heap_4.c"
  14              		.text
  15              	.Ltext0:
  16              		.cfi_sections	.debug_frame
  17              		.section	.text.prvHeapInit,"ax",%progbits
  18              		.align	1
  19              		.syntax unified
  20              		.code	16
  21              		.thumb_func
  23              	prvHeapInit:
  24              	.LFB5:
  25              		.file 1 "Middlewares/Third_Party/FreeRTOS/Source/portable/MemMang/heap_4.c"
   1:Middlewares/Third_Party/FreeRTOS/Source/portable/MemMang/heap_4.c **** /*
   2:Middlewares/Third_Party/FreeRTOS/Source/portable/MemMang/heap_4.c ****  * FreeRTOS Kernel V10.2.1
   3:Middlewares/Third_Party/FreeRTOS/Source/portable/MemMang/heap_4.c ****  * Copyright (C) 2019 Amazon.com, Inc. or its affiliates.  All Rights Reserved.
   4:Middlewares/Third_Party/FreeRTOS/Source/portable/MemMang/heap_4.c ****  *
   5:Middlewares/Third_Party/FreeRTOS/Source/portable/MemMang/heap_4.c ****  * Permission is hereby granted, free of charge, to any person obtaining a copy of
   6:Middlewares/Third_Party/FreeRTOS/Source/portable/MemMang/heap_4.c ****  * this software and associated documentation files (the "Software"), to deal in
   7:Middlewares/Third_Party/FreeRTOS/Source/portable/MemMang/heap_4.c ****  * the Software without restriction, including without limitation the rights to
   8:Middlewares/Third_Party/FreeRTOS/Source/portable/MemMang/heap_4.c ****  * use, copy, modify, merge, publish, distribute, sublicense, and/or sell copies of
   9:Middlewares/Third_Party/FreeRTOS/Source/portable/MemMang/heap_4.c ****  * the Software, and to permit persons to whom the Software is furnished to do so,
  10:Middlewares/Third_Party/FreeRTOS/Source/portable/MemMang/heap_4.c ****  * subject to the following conditions:
  11:Middlewares/Third_Party/FreeRTOS/Source/portable/MemMang/heap_4.c ****  *
  12:Middlewares/Third_Party/FreeRTOS/Source/portable/MemMang/heap_4.c ****  * The above copyright notice and this permission notice shall be included in all
  13:Middlewares/Third_Party/FreeRTOS/Source/portable/MemMang/heap_4.c ****  * copies or substantial portions of the Software.
  14:Middlewares/Third_Party/FreeRTOS/Source/portable/MemMang/heap_4.c ****  *
  15:Middlewares/Third_Party/FreeRTOS/Source/portable/MemMang/heap_4.c ****  * THE SOFTWARE IS PROVIDED "AS IS", WITHOUT WARRANTY OF ANY KIND, EXPRESS OR
  16:Middlewares/Third_Party/FreeRTOS/Source/portable/MemMang/heap_4.c ****  * IMPLIED, INCLUDING BUT NOT LIMITED TO THE WARRANTIES OF MERCHANTABILITY, FITNESS
  17:Middlewares/Third_Party/FreeRTOS/Source/portable/MemMang/heap_4.c ****  * FOR A PARTICULAR PURPOSE AND NONINFRINGEMENT. IN NO EVENT SHALL THE AUTHORS OR
  18:Middlewares/Third_Party/FreeRTOS/Source/portable/MemMang/heap_4.c ****  * COPYRIGHT HOLDERS BE LIABLE FOR ANY CLAIM, DAMAGES OR OTHER LIABILITY, WHETHER
  19:Middlewares/Third_Party/FreeRTOS/Source/portable/MemMang/heap_4.c ****  * IN AN ACTION OF CONTRACT, TORT OR OTHERWISE, ARISING FROM, OUT OF OR IN
  20:Middlewares/Third_Party/FreeRTOS/Source/portable/MemMang/heap_4.c ****  * CONNECTION WITH THE SOFTWARE OR THE USE OR OTHER DEALINGS IN THE SOFTWARE.
  21:Middlewares/Third_Party/FreeRTOS/Source/portable/MemMang/heap_4.c ****  *
  22:Middlewares/Third_Party/FreeRTOS/Source/portable/MemMang/heap_4.c ****  * http://www.FreeRTOS.org
  23:Middlewares/Third_Party/FreeRTOS/Source/portable/MemMang/heap_4.c ****  * http://aws.amazon.com/freertos
  24:Middlewares/Third_Party/FreeRTOS/Source/portable/MemMang/heap_4.c ****  *
  25:Middlewares/Third_Party/FreeRTOS/Source/portable/MemMang/heap_4.c ****  * 1 tab == 4 spaces!
  26:Middlewares/Third_Party/FreeRTOS/Source/portable/MemMang/heap_4.c ****  */
  27:Middlewares/Third_Party/FreeRTOS/Source/portable/MemMang/heap_4.c **** 
  28:Middlewares/Third_Party/FreeRTOS/Source/portable/MemMang/heap_4.c **** /*
  29:Middlewares/Third_Party/FreeRTOS/Source/portable/MemMang/heap_4.c ****  * A sample implementation of pvPortMalloc() and vPortFree() that combines
  30:Middlewares/Third_Party/FreeRTOS/Source/portable/MemMang/heap_4.c ****  * (coalescences) adjacent memory blocks as they are freed, and in so doing
  31:Middlewares/Third_Party/FreeRTOS/Source/portable/MemMang/heap_4.c ****  * limits memory fragmentation.
  32:Middlewares/Third_Party/FreeRTOS/Source/portable/MemMang/heap_4.c ****  *
  33:Middlewares/Third_Party/FreeRTOS/Source/portable/MemMang/heap_4.c ****  * See heap_1.c, heap_2.c and heap_3.c for alternative implementations, and the
ARM GAS  /tmp/ccV6o0cS.s 			page 2


  34:Middlewares/Third_Party/FreeRTOS/Source/portable/MemMang/heap_4.c ****  * memory management pages of http://www.FreeRTOS.org for more information.
  35:Middlewares/Third_Party/FreeRTOS/Source/portable/MemMang/heap_4.c ****  */
  36:Middlewares/Third_Party/FreeRTOS/Source/portable/MemMang/heap_4.c **** #include <stdlib.h>
  37:Middlewares/Third_Party/FreeRTOS/Source/portable/MemMang/heap_4.c **** 
  38:Middlewares/Third_Party/FreeRTOS/Source/portable/MemMang/heap_4.c **** /* Defining MPU_WRAPPERS_INCLUDED_FROM_API_FILE prevents task.h from redefining
  39:Middlewares/Third_Party/FreeRTOS/Source/portable/MemMang/heap_4.c **** all the API functions to use the MPU wrappers.  That should only be done when
  40:Middlewares/Third_Party/FreeRTOS/Source/portable/MemMang/heap_4.c **** task.h is included from an application file. */
  41:Middlewares/Third_Party/FreeRTOS/Source/portable/MemMang/heap_4.c **** #define MPU_WRAPPERS_INCLUDED_FROM_API_FILE
  42:Middlewares/Third_Party/FreeRTOS/Source/portable/MemMang/heap_4.c **** 
  43:Middlewares/Third_Party/FreeRTOS/Source/portable/MemMang/heap_4.c **** #include "FreeRTOS.h"
  44:Middlewares/Third_Party/FreeRTOS/Source/portable/MemMang/heap_4.c **** #include "task.h"
  45:Middlewares/Third_Party/FreeRTOS/Source/portable/MemMang/heap_4.c **** 
  46:Middlewares/Third_Party/FreeRTOS/Source/portable/MemMang/heap_4.c **** #undef MPU_WRAPPERS_INCLUDED_FROM_API_FILE
  47:Middlewares/Third_Party/FreeRTOS/Source/portable/MemMang/heap_4.c **** 
  48:Middlewares/Third_Party/FreeRTOS/Source/portable/MemMang/heap_4.c **** #if( configSUPPORT_DYNAMIC_ALLOCATION == 0 )
  49:Middlewares/Third_Party/FreeRTOS/Source/portable/MemMang/heap_4.c **** 	#error This file must not be used if configSUPPORT_DYNAMIC_ALLOCATION is 0
  50:Middlewares/Third_Party/FreeRTOS/Source/portable/MemMang/heap_4.c **** #endif
  51:Middlewares/Third_Party/FreeRTOS/Source/portable/MemMang/heap_4.c **** 
  52:Middlewares/Third_Party/FreeRTOS/Source/portable/MemMang/heap_4.c **** /* Block sizes must not get too small. */
  53:Middlewares/Third_Party/FreeRTOS/Source/portable/MemMang/heap_4.c **** #define heapMINIMUM_BLOCK_SIZE	( ( size_t ) ( xHeapStructSize << 1 ) )
  54:Middlewares/Third_Party/FreeRTOS/Source/portable/MemMang/heap_4.c **** 
  55:Middlewares/Third_Party/FreeRTOS/Source/portable/MemMang/heap_4.c **** /* Assumes 8bit bytes! */
  56:Middlewares/Third_Party/FreeRTOS/Source/portable/MemMang/heap_4.c **** #define heapBITS_PER_BYTE		( ( size_t ) 8 )
  57:Middlewares/Third_Party/FreeRTOS/Source/portable/MemMang/heap_4.c **** 
  58:Middlewares/Third_Party/FreeRTOS/Source/portable/MemMang/heap_4.c **** /* Allocate the memory for the heap. */
  59:Middlewares/Third_Party/FreeRTOS/Source/portable/MemMang/heap_4.c **** #if( configAPPLICATION_ALLOCATED_HEAP == 1 )
  60:Middlewares/Third_Party/FreeRTOS/Source/portable/MemMang/heap_4.c **** 	/* The application writer has already defined the array used for the RTOS
  61:Middlewares/Third_Party/FreeRTOS/Source/portable/MemMang/heap_4.c **** 	heap - probably so it can be placed in a special segment or address. */
  62:Middlewares/Third_Party/FreeRTOS/Source/portable/MemMang/heap_4.c **** 	extern uint8_t ucHeap[ configTOTAL_HEAP_SIZE ];
  63:Middlewares/Third_Party/FreeRTOS/Source/portable/MemMang/heap_4.c **** #else
  64:Middlewares/Third_Party/FreeRTOS/Source/portable/MemMang/heap_4.c **** 	static uint8_t ucHeap[ configTOTAL_HEAP_SIZE ];
  65:Middlewares/Third_Party/FreeRTOS/Source/portable/MemMang/heap_4.c **** #endif /* configAPPLICATION_ALLOCATED_HEAP */
  66:Middlewares/Third_Party/FreeRTOS/Source/portable/MemMang/heap_4.c **** 
  67:Middlewares/Third_Party/FreeRTOS/Source/portable/MemMang/heap_4.c **** /* Define the linked list structure.  This is used to link free blocks in order
  68:Middlewares/Third_Party/FreeRTOS/Source/portable/MemMang/heap_4.c **** of their memory address. */
  69:Middlewares/Third_Party/FreeRTOS/Source/portable/MemMang/heap_4.c **** typedef struct A_BLOCK_LINK
  70:Middlewares/Third_Party/FreeRTOS/Source/portable/MemMang/heap_4.c **** {
  71:Middlewares/Third_Party/FreeRTOS/Source/portable/MemMang/heap_4.c **** 	struct A_BLOCK_LINK *pxNextFreeBlock;	/*<< The next free block in the list. */
  72:Middlewares/Third_Party/FreeRTOS/Source/portable/MemMang/heap_4.c **** 	size_t xBlockSize;						/*<< The size of the free block. */
  73:Middlewares/Third_Party/FreeRTOS/Source/portable/MemMang/heap_4.c **** } BlockLink_t;
  74:Middlewares/Third_Party/FreeRTOS/Source/portable/MemMang/heap_4.c **** 
  75:Middlewares/Third_Party/FreeRTOS/Source/portable/MemMang/heap_4.c **** /*-----------------------------------------------------------*/
  76:Middlewares/Third_Party/FreeRTOS/Source/portable/MemMang/heap_4.c **** 
  77:Middlewares/Third_Party/FreeRTOS/Source/portable/MemMang/heap_4.c **** /*
  78:Middlewares/Third_Party/FreeRTOS/Source/portable/MemMang/heap_4.c ****  * Inserts a block of memory that is being freed into the correct position in
  79:Middlewares/Third_Party/FreeRTOS/Source/portable/MemMang/heap_4.c ****  * the list of free memory blocks.  The block being freed will be merged with
  80:Middlewares/Third_Party/FreeRTOS/Source/portable/MemMang/heap_4.c ****  * the block in front it and/or the block behind it if the memory blocks are
  81:Middlewares/Third_Party/FreeRTOS/Source/portable/MemMang/heap_4.c ****  * adjacent to each other.
  82:Middlewares/Third_Party/FreeRTOS/Source/portable/MemMang/heap_4.c ****  */
  83:Middlewares/Third_Party/FreeRTOS/Source/portable/MemMang/heap_4.c **** static void prvInsertBlockIntoFreeList( BlockLink_t *pxBlockToInsert );
  84:Middlewares/Third_Party/FreeRTOS/Source/portable/MemMang/heap_4.c **** 
  85:Middlewares/Third_Party/FreeRTOS/Source/portable/MemMang/heap_4.c **** /*
  86:Middlewares/Third_Party/FreeRTOS/Source/portable/MemMang/heap_4.c ****  * Called automatically to setup the required heap structures the first time
  87:Middlewares/Third_Party/FreeRTOS/Source/portable/MemMang/heap_4.c ****  * pvPortMalloc() is called.
  88:Middlewares/Third_Party/FreeRTOS/Source/portable/MemMang/heap_4.c ****  */
  89:Middlewares/Third_Party/FreeRTOS/Source/portable/MemMang/heap_4.c **** static void prvHeapInit( void );
  90:Middlewares/Third_Party/FreeRTOS/Source/portable/MemMang/heap_4.c **** 
ARM GAS  /tmp/ccV6o0cS.s 			page 3


  91:Middlewares/Third_Party/FreeRTOS/Source/portable/MemMang/heap_4.c **** /*-----------------------------------------------------------*/
  92:Middlewares/Third_Party/FreeRTOS/Source/portable/MemMang/heap_4.c **** 
  93:Middlewares/Third_Party/FreeRTOS/Source/portable/MemMang/heap_4.c **** /* The size of the structure placed at the beginning of each allocated memory
  94:Middlewares/Third_Party/FreeRTOS/Source/portable/MemMang/heap_4.c **** block must by correctly byte aligned. */
  95:Middlewares/Third_Party/FreeRTOS/Source/portable/MemMang/heap_4.c **** static const size_t xHeapStructSize	= ( sizeof( BlockLink_t ) + ( ( size_t ) ( portBYTE_ALIGNMENT -
  96:Middlewares/Third_Party/FreeRTOS/Source/portable/MemMang/heap_4.c **** 
  97:Middlewares/Third_Party/FreeRTOS/Source/portable/MemMang/heap_4.c **** /* Create a couple of list links to mark the start and end of the list. */
  98:Middlewares/Third_Party/FreeRTOS/Source/portable/MemMang/heap_4.c **** static BlockLink_t xStart, *pxEnd = NULL;
  99:Middlewares/Third_Party/FreeRTOS/Source/portable/MemMang/heap_4.c **** 
 100:Middlewares/Third_Party/FreeRTOS/Source/portable/MemMang/heap_4.c **** /* Keeps track of the number of free bytes remaining, but says nothing about
 101:Middlewares/Third_Party/FreeRTOS/Source/portable/MemMang/heap_4.c **** fragmentation. */
 102:Middlewares/Third_Party/FreeRTOS/Source/portable/MemMang/heap_4.c **** static size_t xFreeBytesRemaining = 0U;
 103:Middlewares/Third_Party/FreeRTOS/Source/portable/MemMang/heap_4.c **** static size_t xMinimumEverFreeBytesRemaining = 0U;
 104:Middlewares/Third_Party/FreeRTOS/Source/portable/MemMang/heap_4.c **** 
 105:Middlewares/Third_Party/FreeRTOS/Source/portable/MemMang/heap_4.c **** /* Gets set to the top bit of an size_t type.  When this bit in the xBlockSize
 106:Middlewares/Third_Party/FreeRTOS/Source/portable/MemMang/heap_4.c **** member of an BlockLink_t structure is set then the block belongs to the
 107:Middlewares/Third_Party/FreeRTOS/Source/portable/MemMang/heap_4.c **** application.  When the bit is free the block is still part of the free heap
 108:Middlewares/Third_Party/FreeRTOS/Source/portable/MemMang/heap_4.c **** space. */
 109:Middlewares/Third_Party/FreeRTOS/Source/portable/MemMang/heap_4.c **** static size_t xBlockAllocatedBit = 0;
 110:Middlewares/Third_Party/FreeRTOS/Source/portable/MemMang/heap_4.c **** 
 111:Middlewares/Third_Party/FreeRTOS/Source/portable/MemMang/heap_4.c **** /*-----------------------------------------------------------*/
 112:Middlewares/Third_Party/FreeRTOS/Source/portable/MemMang/heap_4.c **** 
 113:Middlewares/Third_Party/FreeRTOS/Source/portable/MemMang/heap_4.c **** void *pvPortMalloc( size_t xWantedSize )
 114:Middlewares/Third_Party/FreeRTOS/Source/portable/MemMang/heap_4.c **** {
 115:Middlewares/Third_Party/FreeRTOS/Source/portable/MemMang/heap_4.c **** BlockLink_t *pxBlock, *pxPreviousBlock, *pxNewBlockLink;
 116:Middlewares/Third_Party/FreeRTOS/Source/portable/MemMang/heap_4.c **** void *pvReturn = NULL;
 117:Middlewares/Third_Party/FreeRTOS/Source/portable/MemMang/heap_4.c **** 
 118:Middlewares/Third_Party/FreeRTOS/Source/portable/MemMang/heap_4.c **** 	vTaskSuspendAll();
 119:Middlewares/Third_Party/FreeRTOS/Source/portable/MemMang/heap_4.c **** 	{
 120:Middlewares/Third_Party/FreeRTOS/Source/portable/MemMang/heap_4.c **** 		/* If this is the first call to malloc then the heap will require
 121:Middlewares/Third_Party/FreeRTOS/Source/portable/MemMang/heap_4.c **** 		initialisation to setup the list of free blocks. */
 122:Middlewares/Third_Party/FreeRTOS/Source/portable/MemMang/heap_4.c **** 		if( pxEnd == NULL )
 123:Middlewares/Third_Party/FreeRTOS/Source/portable/MemMang/heap_4.c **** 		{
 124:Middlewares/Third_Party/FreeRTOS/Source/portable/MemMang/heap_4.c **** 			prvHeapInit();
 125:Middlewares/Third_Party/FreeRTOS/Source/portable/MemMang/heap_4.c **** 		}
 126:Middlewares/Third_Party/FreeRTOS/Source/portable/MemMang/heap_4.c **** 		else
 127:Middlewares/Third_Party/FreeRTOS/Source/portable/MemMang/heap_4.c **** 		{
 128:Middlewares/Third_Party/FreeRTOS/Source/portable/MemMang/heap_4.c **** 			mtCOVERAGE_TEST_MARKER();
 129:Middlewares/Third_Party/FreeRTOS/Source/portable/MemMang/heap_4.c **** 		}
 130:Middlewares/Third_Party/FreeRTOS/Source/portable/MemMang/heap_4.c **** 
 131:Middlewares/Third_Party/FreeRTOS/Source/portable/MemMang/heap_4.c **** 		/* Check the requested block size is not so large that the top bit is
 132:Middlewares/Third_Party/FreeRTOS/Source/portable/MemMang/heap_4.c **** 		set.  The top bit of the block size member of the BlockLink_t structure
 133:Middlewares/Third_Party/FreeRTOS/Source/portable/MemMang/heap_4.c **** 		is used to determine who owns the block - the application or the
 134:Middlewares/Third_Party/FreeRTOS/Source/portable/MemMang/heap_4.c **** 		kernel, so it must be free. */
 135:Middlewares/Third_Party/FreeRTOS/Source/portable/MemMang/heap_4.c **** 		if( ( xWantedSize & xBlockAllocatedBit ) == 0 )
 136:Middlewares/Third_Party/FreeRTOS/Source/portable/MemMang/heap_4.c **** 		{
 137:Middlewares/Third_Party/FreeRTOS/Source/portable/MemMang/heap_4.c **** 			/* The wanted size is increased so it can contain a BlockLink_t
 138:Middlewares/Third_Party/FreeRTOS/Source/portable/MemMang/heap_4.c **** 			structure in addition to the requested amount of bytes. */
 139:Middlewares/Third_Party/FreeRTOS/Source/portable/MemMang/heap_4.c **** 			if( xWantedSize > 0 )
 140:Middlewares/Third_Party/FreeRTOS/Source/portable/MemMang/heap_4.c **** 			{
 141:Middlewares/Third_Party/FreeRTOS/Source/portable/MemMang/heap_4.c **** 				xWantedSize += xHeapStructSize;
 142:Middlewares/Third_Party/FreeRTOS/Source/portable/MemMang/heap_4.c **** 
 143:Middlewares/Third_Party/FreeRTOS/Source/portable/MemMang/heap_4.c **** 				/* Ensure that blocks are always aligned to the required number
 144:Middlewares/Third_Party/FreeRTOS/Source/portable/MemMang/heap_4.c **** 				of bytes. */
 145:Middlewares/Third_Party/FreeRTOS/Source/portable/MemMang/heap_4.c **** 				if( ( xWantedSize & portBYTE_ALIGNMENT_MASK ) != 0x00 )
 146:Middlewares/Third_Party/FreeRTOS/Source/portable/MemMang/heap_4.c **** 				{
 147:Middlewares/Third_Party/FreeRTOS/Source/portable/MemMang/heap_4.c **** 					/* Byte alignment required. */
ARM GAS  /tmp/ccV6o0cS.s 			page 4


 148:Middlewares/Third_Party/FreeRTOS/Source/portable/MemMang/heap_4.c **** 					xWantedSize += ( portBYTE_ALIGNMENT - ( xWantedSize & portBYTE_ALIGNMENT_MASK ) );
 149:Middlewares/Third_Party/FreeRTOS/Source/portable/MemMang/heap_4.c **** 					configASSERT( ( xWantedSize & portBYTE_ALIGNMENT_MASK ) == 0 );
 150:Middlewares/Third_Party/FreeRTOS/Source/portable/MemMang/heap_4.c **** 				}
 151:Middlewares/Third_Party/FreeRTOS/Source/portable/MemMang/heap_4.c **** 				else
 152:Middlewares/Third_Party/FreeRTOS/Source/portable/MemMang/heap_4.c **** 				{
 153:Middlewares/Third_Party/FreeRTOS/Source/portable/MemMang/heap_4.c **** 					mtCOVERAGE_TEST_MARKER();
 154:Middlewares/Third_Party/FreeRTOS/Source/portable/MemMang/heap_4.c **** 				}
 155:Middlewares/Third_Party/FreeRTOS/Source/portable/MemMang/heap_4.c **** 			}
 156:Middlewares/Third_Party/FreeRTOS/Source/portable/MemMang/heap_4.c **** 			else
 157:Middlewares/Third_Party/FreeRTOS/Source/portable/MemMang/heap_4.c **** 			{
 158:Middlewares/Third_Party/FreeRTOS/Source/portable/MemMang/heap_4.c **** 				mtCOVERAGE_TEST_MARKER();
 159:Middlewares/Third_Party/FreeRTOS/Source/portable/MemMang/heap_4.c **** 			}
 160:Middlewares/Third_Party/FreeRTOS/Source/portable/MemMang/heap_4.c **** 
 161:Middlewares/Third_Party/FreeRTOS/Source/portable/MemMang/heap_4.c **** 			if( ( xWantedSize > 0 ) && ( xWantedSize <= xFreeBytesRemaining ) )
 162:Middlewares/Third_Party/FreeRTOS/Source/portable/MemMang/heap_4.c **** 			{
 163:Middlewares/Third_Party/FreeRTOS/Source/portable/MemMang/heap_4.c **** 				/* Traverse the list from the start	(lowest address) block until
 164:Middlewares/Third_Party/FreeRTOS/Source/portable/MemMang/heap_4.c **** 				one	of adequate size is found. */
 165:Middlewares/Third_Party/FreeRTOS/Source/portable/MemMang/heap_4.c **** 				pxPreviousBlock = &xStart;
 166:Middlewares/Third_Party/FreeRTOS/Source/portable/MemMang/heap_4.c **** 				pxBlock = xStart.pxNextFreeBlock;
 167:Middlewares/Third_Party/FreeRTOS/Source/portable/MemMang/heap_4.c **** 				while( ( pxBlock->xBlockSize < xWantedSize ) && ( pxBlock->pxNextFreeBlock != NULL ) )
 168:Middlewares/Third_Party/FreeRTOS/Source/portable/MemMang/heap_4.c **** 				{
 169:Middlewares/Third_Party/FreeRTOS/Source/portable/MemMang/heap_4.c **** 					pxPreviousBlock = pxBlock;
 170:Middlewares/Third_Party/FreeRTOS/Source/portable/MemMang/heap_4.c **** 					pxBlock = pxBlock->pxNextFreeBlock;
 171:Middlewares/Third_Party/FreeRTOS/Source/portable/MemMang/heap_4.c **** 				}
 172:Middlewares/Third_Party/FreeRTOS/Source/portable/MemMang/heap_4.c **** 
 173:Middlewares/Third_Party/FreeRTOS/Source/portable/MemMang/heap_4.c **** 				/* If the end marker was reached then a block of adequate size
 174:Middlewares/Third_Party/FreeRTOS/Source/portable/MemMang/heap_4.c **** 				was	not found. */
 175:Middlewares/Third_Party/FreeRTOS/Source/portable/MemMang/heap_4.c **** 				if( pxBlock != pxEnd )
 176:Middlewares/Third_Party/FreeRTOS/Source/portable/MemMang/heap_4.c **** 				{
 177:Middlewares/Third_Party/FreeRTOS/Source/portable/MemMang/heap_4.c **** 					/* Return the memory space pointed to - jumping over the
 178:Middlewares/Third_Party/FreeRTOS/Source/portable/MemMang/heap_4.c **** 					BlockLink_t structure at its start. */
 179:Middlewares/Third_Party/FreeRTOS/Source/portable/MemMang/heap_4.c **** 					pvReturn = ( void * ) ( ( ( uint8_t * ) pxPreviousBlock->pxNextFreeBlock ) + xHeapStructSize )
 180:Middlewares/Third_Party/FreeRTOS/Source/portable/MemMang/heap_4.c **** 
 181:Middlewares/Third_Party/FreeRTOS/Source/portable/MemMang/heap_4.c **** 					/* This block is being returned for use so must be taken out
 182:Middlewares/Third_Party/FreeRTOS/Source/portable/MemMang/heap_4.c **** 					of the list of free blocks. */
 183:Middlewares/Third_Party/FreeRTOS/Source/portable/MemMang/heap_4.c **** 					pxPreviousBlock->pxNextFreeBlock = pxBlock->pxNextFreeBlock;
 184:Middlewares/Third_Party/FreeRTOS/Source/portable/MemMang/heap_4.c **** 
 185:Middlewares/Third_Party/FreeRTOS/Source/portable/MemMang/heap_4.c **** 					/* If the block is larger than required it can be split into
 186:Middlewares/Third_Party/FreeRTOS/Source/portable/MemMang/heap_4.c **** 					two. */
 187:Middlewares/Third_Party/FreeRTOS/Source/portable/MemMang/heap_4.c **** 					if( ( pxBlock->xBlockSize - xWantedSize ) > heapMINIMUM_BLOCK_SIZE )
 188:Middlewares/Third_Party/FreeRTOS/Source/portable/MemMang/heap_4.c **** 					{
 189:Middlewares/Third_Party/FreeRTOS/Source/portable/MemMang/heap_4.c **** 						/* This block is to be split into two.  Create a new
 190:Middlewares/Third_Party/FreeRTOS/Source/portable/MemMang/heap_4.c **** 						block following the number of bytes requested. The void
 191:Middlewares/Third_Party/FreeRTOS/Source/portable/MemMang/heap_4.c **** 						cast is used to prevent byte alignment warnings from the
 192:Middlewares/Third_Party/FreeRTOS/Source/portable/MemMang/heap_4.c **** 						compiler. */
 193:Middlewares/Third_Party/FreeRTOS/Source/portable/MemMang/heap_4.c **** 						pxNewBlockLink = ( void * ) ( ( ( uint8_t * ) pxBlock ) + xWantedSize );
 194:Middlewares/Third_Party/FreeRTOS/Source/portable/MemMang/heap_4.c **** 						configASSERT( ( ( ( size_t ) pxNewBlockLink ) & portBYTE_ALIGNMENT_MASK ) == 0 );
 195:Middlewares/Third_Party/FreeRTOS/Source/portable/MemMang/heap_4.c **** 
 196:Middlewares/Third_Party/FreeRTOS/Source/portable/MemMang/heap_4.c **** 						/* Calculate the sizes of two blocks split from the
 197:Middlewares/Third_Party/FreeRTOS/Source/portable/MemMang/heap_4.c **** 						single block. */
 198:Middlewares/Third_Party/FreeRTOS/Source/portable/MemMang/heap_4.c **** 						pxNewBlockLink->xBlockSize = pxBlock->xBlockSize - xWantedSize;
 199:Middlewares/Third_Party/FreeRTOS/Source/portable/MemMang/heap_4.c **** 						pxBlock->xBlockSize = xWantedSize;
 200:Middlewares/Third_Party/FreeRTOS/Source/portable/MemMang/heap_4.c **** 
 201:Middlewares/Third_Party/FreeRTOS/Source/portable/MemMang/heap_4.c **** 						/* Insert the new block into the list of free blocks. */
 202:Middlewares/Third_Party/FreeRTOS/Source/portable/MemMang/heap_4.c **** 						prvInsertBlockIntoFreeList( pxNewBlockLink );
 203:Middlewares/Third_Party/FreeRTOS/Source/portable/MemMang/heap_4.c **** 					}
 204:Middlewares/Third_Party/FreeRTOS/Source/portable/MemMang/heap_4.c **** 					else
ARM GAS  /tmp/ccV6o0cS.s 			page 5


 205:Middlewares/Third_Party/FreeRTOS/Source/portable/MemMang/heap_4.c **** 					{
 206:Middlewares/Third_Party/FreeRTOS/Source/portable/MemMang/heap_4.c **** 						mtCOVERAGE_TEST_MARKER();
 207:Middlewares/Third_Party/FreeRTOS/Source/portable/MemMang/heap_4.c **** 					}
 208:Middlewares/Third_Party/FreeRTOS/Source/portable/MemMang/heap_4.c **** 
 209:Middlewares/Third_Party/FreeRTOS/Source/portable/MemMang/heap_4.c **** 					xFreeBytesRemaining -= pxBlock->xBlockSize;
 210:Middlewares/Third_Party/FreeRTOS/Source/portable/MemMang/heap_4.c **** 
 211:Middlewares/Third_Party/FreeRTOS/Source/portable/MemMang/heap_4.c **** 					if( xFreeBytesRemaining < xMinimumEverFreeBytesRemaining )
 212:Middlewares/Third_Party/FreeRTOS/Source/portable/MemMang/heap_4.c **** 					{
 213:Middlewares/Third_Party/FreeRTOS/Source/portable/MemMang/heap_4.c **** 						xMinimumEverFreeBytesRemaining = xFreeBytesRemaining;
 214:Middlewares/Third_Party/FreeRTOS/Source/portable/MemMang/heap_4.c **** 					}
 215:Middlewares/Third_Party/FreeRTOS/Source/portable/MemMang/heap_4.c **** 					else
 216:Middlewares/Third_Party/FreeRTOS/Source/portable/MemMang/heap_4.c **** 					{
 217:Middlewares/Third_Party/FreeRTOS/Source/portable/MemMang/heap_4.c **** 						mtCOVERAGE_TEST_MARKER();
 218:Middlewares/Third_Party/FreeRTOS/Source/portable/MemMang/heap_4.c **** 					}
 219:Middlewares/Third_Party/FreeRTOS/Source/portable/MemMang/heap_4.c **** 
 220:Middlewares/Third_Party/FreeRTOS/Source/portable/MemMang/heap_4.c **** 					/* The block is being returned - it is allocated and owned
 221:Middlewares/Third_Party/FreeRTOS/Source/portable/MemMang/heap_4.c **** 					by the application and has no "next" block. */
 222:Middlewares/Third_Party/FreeRTOS/Source/portable/MemMang/heap_4.c **** 					pxBlock->xBlockSize |= xBlockAllocatedBit;
 223:Middlewares/Third_Party/FreeRTOS/Source/portable/MemMang/heap_4.c **** 					pxBlock->pxNextFreeBlock = NULL;
 224:Middlewares/Third_Party/FreeRTOS/Source/portable/MemMang/heap_4.c **** 				}
 225:Middlewares/Third_Party/FreeRTOS/Source/portable/MemMang/heap_4.c **** 				else
 226:Middlewares/Third_Party/FreeRTOS/Source/portable/MemMang/heap_4.c **** 				{
 227:Middlewares/Third_Party/FreeRTOS/Source/portable/MemMang/heap_4.c **** 					mtCOVERAGE_TEST_MARKER();
 228:Middlewares/Third_Party/FreeRTOS/Source/portable/MemMang/heap_4.c **** 				}
 229:Middlewares/Third_Party/FreeRTOS/Source/portable/MemMang/heap_4.c **** 			}
 230:Middlewares/Third_Party/FreeRTOS/Source/portable/MemMang/heap_4.c **** 			else
 231:Middlewares/Third_Party/FreeRTOS/Source/portable/MemMang/heap_4.c **** 			{
 232:Middlewares/Third_Party/FreeRTOS/Source/portable/MemMang/heap_4.c **** 				mtCOVERAGE_TEST_MARKER();
 233:Middlewares/Third_Party/FreeRTOS/Source/portable/MemMang/heap_4.c **** 			}
 234:Middlewares/Third_Party/FreeRTOS/Source/portable/MemMang/heap_4.c **** 		}
 235:Middlewares/Third_Party/FreeRTOS/Source/portable/MemMang/heap_4.c **** 		else
 236:Middlewares/Third_Party/FreeRTOS/Source/portable/MemMang/heap_4.c **** 		{
 237:Middlewares/Third_Party/FreeRTOS/Source/portable/MemMang/heap_4.c **** 			mtCOVERAGE_TEST_MARKER();
 238:Middlewares/Third_Party/FreeRTOS/Source/portable/MemMang/heap_4.c **** 		}
 239:Middlewares/Third_Party/FreeRTOS/Source/portable/MemMang/heap_4.c **** 
 240:Middlewares/Third_Party/FreeRTOS/Source/portable/MemMang/heap_4.c **** 		traceMALLOC( pvReturn, xWantedSize );
 241:Middlewares/Third_Party/FreeRTOS/Source/portable/MemMang/heap_4.c **** 	}
 242:Middlewares/Third_Party/FreeRTOS/Source/portable/MemMang/heap_4.c **** 	( void ) xTaskResumeAll();
 243:Middlewares/Third_Party/FreeRTOS/Source/portable/MemMang/heap_4.c **** 
 244:Middlewares/Third_Party/FreeRTOS/Source/portable/MemMang/heap_4.c **** 	#if( configUSE_MALLOC_FAILED_HOOK == 1 )
 245:Middlewares/Third_Party/FreeRTOS/Source/portable/MemMang/heap_4.c **** 	{
 246:Middlewares/Third_Party/FreeRTOS/Source/portable/MemMang/heap_4.c **** 		if( pvReturn == NULL )
 247:Middlewares/Third_Party/FreeRTOS/Source/portable/MemMang/heap_4.c **** 		{
 248:Middlewares/Third_Party/FreeRTOS/Source/portable/MemMang/heap_4.c **** 			extern void vApplicationMallocFailedHook( void );
 249:Middlewares/Third_Party/FreeRTOS/Source/portable/MemMang/heap_4.c **** 			vApplicationMallocFailedHook();
 250:Middlewares/Third_Party/FreeRTOS/Source/portable/MemMang/heap_4.c **** 		}
 251:Middlewares/Third_Party/FreeRTOS/Source/portable/MemMang/heap_4.c **** 		else
 252:Middlewares/Third_Party/FreeRTOS/Source/portable/MemMang/heap_4.c **** 		{
 253:Middlewares/Third_Party/FreeRTOS/Source/portable/MemMang/heap_4.c **** 			mtCOVERAGE_TEST_MARKER();
 254:Middlewares/Third_Party/FreeRTOS/Source/portable/MemMang/heap_4.c **** 		}
 255:Middlewares/Third_Party/FreeRTOS/Source/portable/MemMang/heap_4.c **** 	}
 256:Middlewares/Third_Party/FreeRTOS/Source/portable/MemMang/heap_4.c **** 	#endif
 257:Middlewares/Third_Party/FreeRTOS/Source/portable/MemMang/heap_4.c **** 
 258:Middlewares/Third_Party/FreeRTOS/Source/portable/MemMang/heap_4.c **** 	configASSERT( ( ( ( size_t ) pvReturn ) & ( size_t ) portBYTE_ALIGNMENT_MASK ) == 0 );
 259:Middlewares/Third_Party/FreeRTOS/Source/portable/MemMang/heap_4.c **** 	return pvReturn;
 260:Middlewares/Third_Party/FreeRTOS/Source/portable/MemMang/heap_4.c **** }
 261:Middlewares/Third_Party/FreeRTOS/Source/portable/MemMang/heap_4.c **** /*-----------------------------------------------------------*/
ARM GAS  /tmp/ccV6o0cS.s 			page 6


 262:Middlewares/Third_Party/FreeRTOS/Source/portable/MemMang/heap_4.c **** 
 263:Middlewares/Third_Party/FreeRTOS/Source/portable/MemMang/heap_4.c **** void vPortFree( void *pv )
 264:Middlewares/Third_Party/FreeRTOS/Source/portable/MemMang/heap_4.c **** {
 265:Middlewares/Third_Party/FreeRTOS/Source/portable/MemMang/heap_4.c **** uint8_t *puc = ( uint8_t * ) pv;
 266:Middlewares/Third_Party/FreeRTOS/Source/portable/MemMang/heap_4.c **** BlockLink_t *pxLink;
 267:Middlewares/Third_Party/FreeRTOS/Source/portable/MemMang/heap_4.c **** 
 268:Middlewares/Third_Party/FreeRTOS/Source/portable/MemMang/heap_4.c **** 	if( pv != NULL )
 269:Middlewares/Third_Party/FreeRTOS/Source/portable/MemMang/heap_4.c **** 	{
 270:Middlewares/Third_Party/FreeRTOS/Source/portable/MemMang/heap_4.c **** 		/* The memory being freed will have an BlockLink_t structure immediately
 271:Middlewares/Third_Party/FreeRTOS/Source/portable/MemMang/heap_4.c **** 		before it. */
 272:Middlewares/Third_Party/FreeRTOS/Source/portable/MemMang/heap_4.c **** 		puc -= xHeapStructSize;
 273:Middlewares/Third_Party/FreeRTOS/Source/portable/MemMang/heap_4.c **** 
 274:Middlewares/Third_Party/FreeRTOS/Source/portable/MemMang/heap_4.c **** 		/* This casting is to keep the compiler from issuing warnings. */
 275:Middlewares/Third_Party/FreeRTOS/Source/portable/MemMang/heap_4.c **** 		pxLink = ( void * ) puc;
 276:Middlewares/Third_Party/FreeRTOS/Source/portable/MemMang/heap_4.c **** 
 277:Middlewares/Third_Party/FreeRTOS/Source/portable/MemMang/heap_4.c **** 		/* Check the block is actually allocated. */
 278:Middlewares/Third_Party/FreeRTOS/Source/portable/MemMang/heap_4.c **** 		configASSERT( ( pxLink->xBlockSize & xBlockAllocatedBit ) != 0 );
 279:Middlewares/Third_Party/FreeRTOS/Source/portable/MemMang/heap_4.c **** 		configASSERT( pxLink->pxNextFreeBlock == NULL );
 280:Middlewares/Third_Party/FreeRTOS/Source/portable/MemMang/heap_4.c **** 
 281:Middlewares/Third_Party/FreeRTOS/Source/portable/MemMang/heap_4.c **** 		if( ( pxLink->xBlockSize & xBlockAllocatedBit ) != 0 )
 282:Middlewares/Third_Party/FreeRTOS/Source/portable/MemMang/heap_4.c **** 		{
 283:Middlewares/Third_Party/FreeRTOS/Source/portable/MemMang/heap_4.c **** 			if( pxLink->pxNextFreeBlock == NULL )
 284:Middlewares/Third_Party/FreeRTOS/Source/portable/MemMang/heap_4.c **** 			{
 285:Middlewares/Third_Party/FreeRTOS/Source/portable/MemMang/heap_4.c **** 				/* The block is being returned to the heap - it is no longer
 286:Middlewares/Third_Party/FreeRTOS/Source/portable/MemMang/heap_4.c **** 				allocated. */
 287:Middlewares/Third_Party/FreeRTOS/Source/portable/MemMang/heap_4.c **** 				pxLink->xBlockSize &= ~xBlockAllocatedBit;
 288:Middlewares/Third_Party/FreeRTOS/Source/portable/MemMang/heap_4.c **** 
 289:Middlewares/Third_Party/FreeRTOS/Source/portable/MemMang/heap_4.c **** 				vTaskSuspendAll();
 290:Middlewares/Third_Party/FreeRTOS/Source/portable/MemMang/heap_4.c **** 				{
 291:Middlewares/Third_Party/FreeRTOS/Source/portable/MemMang/heap_4.c **** 					/* Add this block to the list of free blocks. */
 292:Middlewares/Third_Party/FreeRTOS/Source/portable/MemMang/heap_4.c **** 					xFreeBytesRemaining += pxLink->xBlockSize;
 293:Middlewares/Third_Party/FreeRTOS/Source/portable/MemMang/heap_4.c **** 					traceFREE( pv, pxLink->xBlockSize );
 294:Middlewares/Third_Party/FreeRTOS/Source/portable/MemMang/heap_4.c **** 					prvInsertBlockIntoFreeList( ( ( BlockLink_t * ) pxLink ) );
 295:Middlewares/Third_Party/FreeRTOS/Source/portable/MemMang/heap_4.c **** 				}
 296:Middlewares/Third_Party/FreeRTOS/Source/portable/MemMang/heap_4.c **** 				( void ) xTaskResumeAll();
 297:Middlewares/Third_Party/FreeRTOS/Source/portable/MemMang/heap_4.c **** 			}
 298:Middlewares/Third_Party/FreeRTOS/Source/portable/MemMang/heap_4.c **** 			else
 299:Middlewares/Third_Party/FreeRTOS/Source/portable/MemMang/heap_4.c **** 			{
 300:Middlewares/Third_Party/FreeRTOS/Source/portable/MemMang/heap_4.c **** 				mtCOVERAGE_TEST_MARKER();
 301:Middlewares/Third_Party/FreeRTOS/Source/portable/MemMang/heap_4.c **** 			}
 302:Middlewares/Third_Party/FreeRTOS/Source/portable/MemMang/heap_4.c **** 		}
 303:Middlewares/Third_Party/FreeRTOS/Source/portable/MemMang/heap_4.c **** 		else
 304:Middlewares/Third_Party/FreeRTOS/Source/portable/MemMang/heap_4.c **** 		{
 305:Middlewares/Third_Party/FreeRTOS/Source/portable/MemMang/heap_4.c **** 			mtCOVERAGE_TEST_MARKER();
 306:Middlewares/Third_Party/FreeRTOS/Source/portable/MemMang/heap_4.c **** 		}
 307:Middlewares/Third_Party/FreeRTOS/Source/portable/MemMang/heap_4.c **** 	}
 308:Middlewares/Third_Party/FreeRTOS/Source/portable/MemMang/heap_4.c **** }
 309:Middlewares/Third_Party/FreeRTOS/Source/portable/MemMang/heap_4.c **** /*-----------------------------------------------------------*/
 310:Middlewares/Third_Party/FreeRTOS/Source/portable/MemMang/heap_4.c **** 
 311:Middlewares/Third_Party/FreeRTOS/Source/portable/MemMang/heap_4.c **** size_t xPortGetFreeHeapSize( void )
 312:Middlewares/Third_Party/FreeRTOS/Source/portable/MemMang/heap_4.c **** {
 313:Middlewares/Third_Party/FreeRTOS/Source/portable/MemMang/heap_4.c **** 	return xFreeBytesRemaining;
 314:Middlewares/Third_Party/FreeRTOS/Source/portable/MemMang/heap_4.c **** }
 315:Middlewares/Third_Party/FreeRTOS/Source/portable/MemMang/heap_4.c **** /*-----------------------------------------------------------*/
 316:Middlewares/Third_Party/FreeRTOS/Source/portable/MemMang/heap_4.c **** 
 317:Middlewares/Third_Party/FreeRTOS/Source/portable/MemMang/heap_4.c **** size_t xPortGetMinimumEverFreeHeapSize( void )
 318:Middlewares/Third_Party/FreeRTOS/Source/portable/MemMang/heap_4.c **** {
ARM GAS  /tmp/ccV6o0cS.s 			page 7


 319:Middlewares/Third_Party/FreeRTOS/Source/portable/MemMang/heap_4.c **** 	return xMinimumEverFreeBytesRemaining;
 320:Middlewares/Third_Party/FreeRTOS/Source/portable/MemMang/heap_4.c **** }
 321:Middlewares/Third_Party/FreeRTOS/Source/portable/MemMang/heap_4.c **** /*-----------------------------------------------------------*/
 322:Middlewares/Third_Party/FreeRTOS/Source/portable/MemMang/heap_4.c **** 
 323:Middlewares/Third_Party/FreeRTOS/Source/portable/MemMang/heap_4.c **** void vPortInitialiseBlocks( void )
 324:Middlewares/Third_Party/FreeRTOS/Source/portable/MemMang/heap_4.c **** {
 325:Middlewares/Third_Party/FreeRTOS/Source/portable/MemMang/heap_4.c **** 	/* This just exists to keep the linker quiet. */
 326:Middlewares/Third_Party/FreeRTOS/Source/portable/MemMang/heap_4.c **** }
 327:Middlewares/Third_Party/FreeRTOS/Source/portable/MemMang/heap_4.c **** /*-----------------------------------------------------------*/
 328:Middlewares/Third_Party/FreeRTOS/Source/portable/MemMang/heap_4.c **** 
 329:Middlewares/Third_Party/FreeRTOS/Source/portable/MemMang/heap_4.c **** static void prvHeapInit( void )
 330:Middlewares/Third_Party/FreeRTOS/Source/portable/MemMang/heap_4.c **** {
  26              		.loc 1 330 1 view -0
  27              		.cfi_startproc
  28              		@ args = 0, pretend = 0, frame = 0
  29              		@ frame_needed = 0, uses_anonymous_args = 0
  30              		@ link register save eliminated.
 331:Middlewares/Third_Party/FreeRTOS/Source/portable/MemMang/heap_4.c **** BlockLink_t *pxFirstFreeBlock;
  31              		.loc 1 331 1 view .LVU1
 332:Middlewares/Third_Party/FreeRTOS/Source/portable/MemMang/heap_4.c **** uint8_t *pucAlignedHeap;
  32              		.loc 1 332 1 view .LVU2
 333:Middlewares/Third_Party/FreeRTOS/Source/portable/MemMang/heap_4.c **** size_t uxAddress;
  33              		.loc 1 333 1 view .LVU3
 334:Middlewares/Third_Party/FreeRTOS/Source/portable/MemMang/heap_4.c **** size_t xTotalHeapSize = configTOTAL_HEAP_SIZE;
  34              		.loc 1 334 1 view .LVU4
  35              	.LVL0:
 335:Middlewares/Third_Party/FreeRTOS/Source/portable/MemMang/heap_4.c **** 
 336:Middlewares/Third_Party/FreeRTOS/Source/portable/MemMang/heap_4.c **** 	/* Ensure the heap starts on a correctly aligned boundary. */
 337:Middlewares/Third_Party/FreeRTOS/Source/portable/MemMang/heap_4.c **** 	uxAddress = ( size_t ) ucHeap;
  36              		.loc 1 337 2 view .LVU5
  37              		.loc 1 337 12 is_stmt 0 view .LVU6
  38 0000 124A     		ldr	r2, .L4
  39              	.LVL1:
 338:Middlewares/Third_Party/FreeRTOS/Source/portable/MemMang/heap_4.c **** 
 339:Middlewares/Third_Party/FreeRTOS/Source/portable/MemMang/heap_4.c **** 	if( ( uxAddress & portBYTE_ALIGNMENT_MASK ) != 0 )
  40              		.loc 1 339 2 is_stmt 1 view .LVU7
  41              		.loc 1 339 4 is_stmt 0 view .LVU8
  42 0002 5307     		lsls	r3, r2, #29
  43 0004 1FD0     		beq	.L3
 340:Middlewares/Third_Party/FreeRTOS/Source/portable/MemMang/heap_4.c **** 	{
 341:Middlewares/Third_Party/FreeRTOS/Source/portable/MemMang/heap_4.c **** 		uxAddress += ( portBYTE_ALIGNMENT - 1 );
  44              		.loc 1 341 3 is_stmt 1 view .LVU9
  45              		.loc 1 341 13 is_stmt 0 view .LVU10
  46 0006 D11D     		adds	r1, r2, #7
  47              	.LVL2:
 342:Middlewares/Third_Party/FreeRTOS/Source/portable/MemMang/heap_4.c **** 		uxAddress &= ~( ( size_t ) portBYTE_ALIGNMENT_MASK );
  48              		.loc 1 342 3 is_stmt 1 view .LVU11
  49              		.loc 1 342 13 is_stmt 0 view .LVU12
  50 0008 0723     		movs	r3, #7
  51 000a 9943     		bics	r1, r3
  52              	.LVL3:
 343:Middlewares/Third_Party/FreeRTOS/Source/portable/MemMang/heap_4.c **** 		xTotalHeapSize -= uxAddress - ( size_t ) ucHeap;
  53              		.loc 1 343 3 is_stmt 1 view .LVU13
  54              		.loc 1 343 18 is_stmt 0 view .LVU14
  55 000c C023     		movs	r3, #192
  56 000e 1B01     		lsls	r3, r3, #4
  57 0010 5B1A     		subs	r3, r3, r1
ARM GAS  /tmp/ccV6o0cS.s 			page 8


  58 0012 9B18     		adds	r3, r3, r2
  59              	.LVL4:
 342:Middlewares/Third_Party/FreeRTOS/Source/portable/MemMang/heap_4.c **** 		uxAddress &= ~( ( size_t ) portBYTE_ALIGNMENT_MASK );
  60              		.loc 1 342 13 view .LVU15
  61 0014 0A00     		movs	r2, r1
  62              	.LVL5:
  63              	.L2:
 344:Middlewares/Third_Party/FreeRTOS/Source/portable/MemMang/heap_4.c **** 	}
 345:Middlewares/Third_Party/FreeRTOS/Source/portable/MemMang/heap_4.c **** 
 346:Middlewares/Third_Party/FreeRTOS/Source/portable/MemMang/heap_4.c **** 	pucAlignedHeap = ( uint8_t * ) uxAddress;
  64              		.loc 1 346 2 is_stmt 1 view .LVU16
 347:Middlewares/Third_Party/FreeRTOS/Source/portable/MemMang/heap_4.c **** 
 348:Middlewares/Third_Party/FreeRTOS/Source/portable/MemMang/heap_4.c **** 	/* xStart is used to hold a pointer to the first item in the list of free
 349:Middlewares/Third_Party/FreeRTOS/Source/portable/MemMang/heap_4.c **** 	blocks.  The void cast is used to prevent compiler warnings. */
 350:Middlewares/Third_Party/FreeRTOS/Source/portable/MemMang/heap_4.c **** 	xStart.pxNextFreeBlock = ( void * ) pucAlignedHeap;
  65              		.loc 1 350 2 view .LVU17
  66              		.loc 1 350 25 is_stmt 0 view .LVU18
  67 0016 0E48     		ldr	r0, .L4+4
  68 0018 0260     		str	r2, [r0]
 351:Middlewares/Third_Party/FreeRTOS/Source/portable/MemMang/heap_4.c **** 	xStart.xBlockSize = ( size_t ) 0;
  69              		.loc 1 351 2 is_stmt 1 view .LVU19
  70              		.loc 1 351 20 is_stmt 0 view .LVU20
  71 001a 0021     		movs	r1, #0
  72 001c 4160     		str	r1, [r0, #4]
 352:Middlewares/Third_Party/FreeRTOS/Source/portable/MemMang/heap_4.c **** 
 353:Middlewares/Third_Party/FreeRTOS/Source/portable/MemMang/heap_4.c **** 	/* pxEnd is used to mark the end of the list of free blocks and is inserted
 354:Middlewares/Third_Party/FreeRTOS/Source/portable/MemMang/heap_4.c **** 	at the end of the heap space. */
 355:Middlewares/Third_Party/FreeRTOS/Source/portable/MemMang/heap_4.c **** 	uxAddress = ( ( size_t ) pucAlignedHeap ) + xTotalHeapSize;
  73              		.loc 1 355 2 is_stmt 1 view .LVU21
  74              		.loc 1 355 12 is_stmt 0 view .LVU22
  75 001e D318     		adds	r3, r2, r3
  76              	.LVL6:
 356:Middlewares/Third_Party/FreeRTOS/Source/portable/MemMang/heap_4.c **** 	uxAddress -= xHeapStructSize;
  77              		.loc 1 356 2 is_stmt 1 view .LVU23
  78              		.loc 1 356 12 is_stmt 0 view .LVU24
  79 0020 083B     		subs	r3, r3, #8
  80              	.LVL7:
 357:Middlewares/Third_Party/FreeRTOS/Source/portable/MemMang/heap_4.c **** 	uxAddress &= ~( ( size_t ) portBYTE_ALIGNMENT_MASK );
  81              		.loc 1 357 2 is_stmt 1 view .LVU25
  82              		.loc 1 357 12 is_stmt 0 view .LVU26
  83 0022 0720     		movs	r0, #7
  84 0024 8343     		bics	r3, r0
  85              	.LVL8:
 358:Middlewares/Third_Party/FreeRTOS/Source/portable/MemMang/heap_4.c **** 	pxEnd = ( void * ) uxAddress;
  86              		.loc 1 358 2 is_stmt 1 view .LVU27
  87              		.loc 1 358 8 is_stmt 0 view .LVU28
  88 0026 0B48     		ldr	r0, .L4+8
  89 0028 0360     		str	r3, [r0]
 359:Middlewares/Third_Party/FreeRTOS/Source/portable/MemMang/heap_4.c **** 	pxEnd->xBlockSize = 0;
  90              		.loc 1 359 2 is_stmt 1 view .LVU29
  91              		.loc 1 359 20 is_stmt 0 view .LVU30
  92 002a 5960     		str	r1, [r3, #4]
 360:Middlewares/Third_Party/FreeRTOS/Source/portable/MemMang/heap_4.c **** 	pxEnd->pxNextFreeBlock = NULL;
  93              		.loc 1 360 2 is_stmt 1 view .LVU31
  94              		.loc 1 360 25 is_stmt 0 view .LVU32
  95 002c 1960     		str	r1, [r3]
 361:Middlewares/Third_Party/FreeRTOS/Source/portable/MemMang/heap_4.c **** 
ARM GAS  /tmp/ccV6o0cS.s 			page 9


 362:Middlewares/Third_Party/FreeRTOS/Source/portable/MemMang/heap_4.c **** 	/* To start with there is a single free block that is sized to take up the
 363:Middlewares/Third_Party/FreeRTOS/Source/portable/MemMang/heap_4.c **** 	entire heap space, minus the space taken by pxEnd. */
 364:Middlewares/Third_Party/FreeRTOS/Source/portable/MemMang/heap_4.c **** 	pxFirstFreeBlock = ( void * ) pucAlignedHeap;
  96              		.loc 1 364 2 is_stmt 1 view .LVU33
  97              	.LVL9:
 365:Middlewares/Third_Party/FreeRTOS/Source/portable/MemMang/heap_4.c **** 	pxFirstFreeBlock->xBlockSize = uxAddress - ( size_t ) pxFirstFreeBlock;
  98              		.loc 1 365 2 view .LVU34
  99              		.loc 1 365 43 is_stmt 0 view .LVU35
 100 002e 991A     		subs	r1, r3, r2
 101              		.loc 1 365 31 view .LVU36
 102 0030 5160     		str	r1, [r2, #4]
 366:Middlewares/Third_Party/FreeRTOS/Source/portable/MemMang/heap_4.c **** 	pxFirstFreeBlock->pxNextFreeBlock = pxEnd;
 103              		.loc 1 366 2 is_stmt 1 view .LVU37
 104              		.loc 1 366 36 is_stmt 0 view .LVU38
 105 0032 1360     		str	r3, [r2]
 367:Middlewares/Third_Party/FreeRTOS/Source/portable/MemMang/heap_4.c **** 
 368:Middlewares/Third_Party/FreeRTOS/Source/portable/MemMang/heap_4.c **** 	/* Only one block exists - and it covers the entire usable heap space. */
 369:Middlewares/Third_Party/FreeRTOS/Source/portable/MemMang/heap_4.c **** 	xMinimumEverFreeBytesRemaining = pxFirstFreeBlock->xBlockSize;
 106              		.loc 1 369 2 is_stmt 1 view .LVU39
 107              		.loc 1 369 33 is_stmt 0 view .LVU40
 108 0034 084B     		ldr	r3, .L4+12
 109              	.LVL10:
 110              		.loc 1 369 33 view .LVU41
 111 0036 1960     		str	r1, [r3]
 370:Middlewares/Third_Party/FreeRTOS/Source/portable/MemMang/heap_4.c **** 	xFreeBytesRemaining = pxFirstFreeBlock->xBlockSize;
 112              		.loc 1 370 2 is_stmt 1 view .LVU42
 113              		.loc 1 370 22 is_stmt 0 view .LVU43
 114 0038 084B     		ldr	r3, .L4+16
 115 003a 1960     		str	r1, [r3]
 371:Middlewares/Third_Party/FreeRTOS/Source/portable/MemMang/heap_4.c **** 
 372:Middlewares/Third_Party/FreeRTOS/Source/portable/MemMang/heap_4.c **** 	/* Work out the position of the top bit in a size_t variable. */
 373:Middlewares/Third_Party/FreeRTOS/Source/portable/MemMang/heap_4.c **** 	xBlockAllocatedBit = ( ( size_t ) 1 ) << ( ( sizeof( size_t ) * heapBITS_PER_BYTE ) - 1 );
 116              		.loc 1 373 2 is_stmt 1 view .LVU44
 117              		.loc 1 373 21 is_stmt 0 view .LVU45
 118 003c 084B     		ldr	r3, .L4+20
 119 003e 8022     		movs	r2, #128
 120              	.LVL11:
 121              		.loc 1 373 21 view .LVU46
 122 0040 1206     		lsls	r2, r2, #24
 123 0042 1A60     		str	r2, [r3]
 374:Middlewares/Third_Party/FreeRTOS/Source/portable/MemMang/heap_4.c **** }
 124              		.loc 1 374 1 view .LVU47
 125              		@ sp needed
 126 0044 7047     		bx	lr
 127              	.LVL12:
 128              	.L3:
 334:Middlewares/Third_Party/FreeRTOS/Source/portable/MemMang/heap_4.c **** 
 129              		.loc 1 334 8 view .LVU48
 130 0046 C023     		movs	r3, #192
 131 0048 1B01     		lsls	r3, r3, #4
 132 004a E4E7     		b	.L2
 133              	.L5:
 134              		.align	2
 135              	.L4:
 136 004c 00000000 		.word	ucHeap
 137 0050 00000000 		.word	.LANCHOR0
 138 0054 00000000 		.word	.LANCHOR1
ARM GAS  /tmp/ccV6o0cS.s 			page 10


 139 0058 00000000 		.word	.LANCHOR2
 140 005c 00000000 		.word	.LANCHOR3
 141 0060 00000000 		.word	.LANCHOR4
 142              		.cfi_endproc
 143              	.LFE5:
 145              		.section	.text.prvInsertBlockIntoFreeList,"ax",%progbits
 146              		.align	1
 147              		.syntax unified
 148              		.code	16
 149              		.thumb_func
 151              	prvInsertBlockIntoFreeList:
 152              	.LVL13:
 153              	.LFB6:
 375:Middlewares/Third_Party/FreeRTOS/Source/portable/MemMang/heap_4.c **** /*-----------------------------------------------------------*/
 376:Middlewares/Third_Party/FreeRTOS/Source/portable/MemMang/heap_4.c **** 
 377:Middlewares/Third_Party/FreeRTOS/Source/portable/MemMang/heap_4.c **** static void prvInsertBlockIntoFreeList( BlockLink_t *pxBlockToInsert )
 378:Middlewares/Third_Party/FreeRTOS/Source/portable/MemMang/heap_4.c **** {
 154              		.loc 1 378 1 is_stmt 1 view -0
 155              		.cfi_startproc
 156              		@ args = 0, pretend = 0, frame = 0
 157              		@ frame_needed = 0, uses_anonymous_args = 0
 158              		.loc 1 378 1 is_stmt 0 view .LVU50
 159 0000 10B5     		push	{r4, lr}
 160              	.LCFI0:
 161              		.cfi_def_cfa_offset 8
 162              		.cfi_offset 4, -8
 163              		.cfi_offset 14, -4
 379:Middlewares/Third_Party/FreeRTOS/Source/portable/MemMang/heap_4.c **** BlockLink_t *pxIterator;
 164              		.loc 1 379 1 is_stmt 1 view .LVU51
 380:Middlewares/Third_Party/FreeRTOS/Source/portable/MemMang/heap_4.c **** uint8_t *puc;
 165              		.loc 1 380 1 view .LVU52
 381:Middlewares/Third_Party/FreeRTOS/Source/portable/MemMang/heap_4.c **** 
 382:Middlewares/Third_Party/FreeRTOS/Source/portable/MemMang/heap_4.c **** 	/* Iterate through the list until a block is found that has a higher address
 383:Middlewares/Third_Party/FreeRTOS/Source/portable/MemMang/heap_4.c **** 	than the block being inserted. */
 384:Middlewares/Third_Party/FreeRTOS/Source/portable/MemMang/heap_4.c **** 	for( pxIterator = &xStart; pxIterator->pxNextFreeBlock < pxBlockToInsert; pxIterator = pxIterator-
 166              		.loc 1 384 2 view .LVU53
 167              	.LVL14:
 168              		.loc 1 384 18 is_stmt 0 view .LVU54
 169 0002 124B     		ldr	r3, .L15
 170              	.LVL15:
 171              	.L7:
 172              		.loc 1 384 29 is_stmt 1 discriminator 1 view .LVU55
 173 0004 1A00     		movs	r2, r3
 174              		.loc 1 384 39 is_stmt 0 discriminator 1 view .LVU56
 175 0006 1B68     		ldr	r3, [r3]
 176              	.LVL16:
 177              		.loc 1 384 2 discriminator 1 view .LVU57
 178 0008 8342     		cmp	r3, r0
 179 000a FBD3     		bcc	.L7
 385:Middlewares/Third_Party/FreeRTOS/Source/portable/MemMang/heap_4.c **** 	{
 386:Middlewares/Third_Party/FreeRTOS/Source/portable/MemMang/heap_4.c **** 		/* Nothing to do here, just iterate to the right position. */
 387:Middlewares/Third_Party/FreeRTOS/Source/portable/MemMang/heap_4.c **** 	}
 388:Middlewares/Third_Party/FreeRTOS/Source/portable/MemMang/heap_4.c **** 
 389:Middlewares/Third_Party/FreeRTOS/Source/portable/MemMang/heap_4.c **** 	/* Do the block being inserted, and the block it is being inserted after
 390:Middlewares/Third_Party/FreeRTOS/Source/portable/MemMang/heap_4.c **** 	make a contiguous block of memory? */
 391:Middlewares/Third_Party/FreeRTOS/Source/portable/MemMang/heap_4.c **** 	puc = ( uint8_t * ) pxIterator;
 180              		.loc 1 391 2 is_stmt 1 view .LVU58
ARM GAS  /tmp/ccV6o0cS.s 			page 11


 181              	.LVL17:
 392:Middlewares/Third_Party/FreeRTOS/Source/portable/MemMang/heap_4.c **** 	if( ( puc + pxIterator->xBlockSize ) == ( uint8_t * ) pxBlockToInsert )
 182              		.loc 1 392 2 view .LVU59
 183              		.loc 1 392 24 is_stmt 0 view .LVU60
 184 000c 5168     		ldr	r1, [r2, #4]
 185              		.loc 1 392 12 view .LVU61
 186 000e 5418     		adds	r4, r2, r1
 187              		.loc 1 392 4 view .LVU62
 188 0010 8442     		cmp	r4, r0
 189 0012 08D0     		beq	.L13
 190              	.L8:
 393:Middlewares/Third_Party/FreeRTOS/Source/portable/MemMang/heap_4.c **** 	{
 394:Middlewares/Third_Party/FreeRTOS/Source/portable/MemMang/heap_4.c **** 		pxIterator->xBlockSize += pxBlockToInsert->xBlockSize;
 395:Middlewares/Third_Party/FreeRTOS/Source/portable/MemMang/heap_4.c **** 		pxBlockToInsert = pxIterator;
 396:Middlewares/Third_Party/FreeRTOS/Source/portable/MemMang/heap_4.c **** 	}
 397:Middlewares/Third_Party/FreeRTOS/Source/portable/MemMang/heap_4.c **** 	else
 398:Middlewares/Third_Party/FreeRTOS/Source/portable/MemMang/heap_4.c **** 	{
 399:Middlewares/Third_Party/FreeRTOS/Source/portable/MemMang/heap_4.c **** 		mtCOVERAGE_TEST_MARKER();
 191              		.loc 1 399 27 is_stmt 1 view .LVU63
 400:Middlewares/Third_Party/FreeRTOS/Source/portable/MemMang/heap_4.c **** 	}
 401:Middlewares/Third_Party/FreeRTOS/Source/portable/MemMang/heap_4.c **** 
 402:Middlewares/Third_Party/FreeRTOS/Source/portable/MemMang/heap_4.c **** 	/* Do the block being inserted, and the block it is being inserted before
 403:Middlewares/Third_Party/FreeRTOS/Source/portable/MemMang/heap_4.c **** 	make a contiguous block of memory? */
 404:Middlewares/Third_Party/FreeRTOS/Source/portable/MemMang/heap_4.c **** 	puc = ( uint8_t * ) pxBlockToInsert;
 192              		.loc 1 404 2 view .LVU64
 193              	.LVL18:
 405:Middlewares/Third_Party/FreeRTOS/Source/portable/MemMang/heap_4.c **** 	if( ( puc + pxBlockToInsert->xBlockSize ) == ( uint8_t * ) pxIterator->pxNextFreeBlock )
 194              		.loc 1 405 2 view .LVU65
 195              		.loc 1 405 29 is_stmt 0 view .LVU66
 196 0014 4168     		ldr	r1, [r0, #4]
 197              		.loc 1 405 12 view .LVU67
 198 0016 4418     		adds	r4, r0, r1
 199              		.loc 1 405 4 view .LVU68
 200 0018 A342     		cmp	r3, r4
 201 001a 09D0     		beq	.L14
 406:Middlewares/Third_Party/FreeRTOS/Source/portable/MemMang/heap_4.c **** 	{
 407:Middlewares/Third_Party/FreeRTOS/Source/portable/MemMang/heap_4.c **** 		if( pxIterator->pxNextFreeBlock != pxEnd )
 408:Middlewares/Third_Party/FreeRTOS/Source/portable/MemMang/heap_4.c **** 		{
 409:Middlewares/Third_Party/FreeRTOS/Source/portable/MemMang/heap_4.c **** 			/* Form one big block from the two blocks. */
 410:Middlewares/Third_Party/FreeRTOS/Source/portable/MemMang/heap_4.c **** 			pxBlockToInsert->xBlockSize += pxIterator->pxNextFreeBlock->xBlockSize;
 411:Middlewares/Third_Party/FreeRTOS/Source/portable/MemMang/heap_4.c **** 			pxBlockToInsert->pxNextFreeBlock = pxIterator->pxNextFreeBlock->pxNextFreeBlock;
 412:Middlewares/Third_Party/FreeRTOS/Source/portable/MemMang/heap_4.c **** 		}
 413:Middlewares/Third_Party/FreeRTOS/Source/portable/MemMang/heap_4.c **** 		else
 414:Middlewares/Third_Party/FreeRTOS/Source/portable/MemMang/heap_4.c **** 		{
 415:Middlewares/Third_Party/FreeRTOS/Source/portable/MemMang/heap_4.c **** 			pxBlockToInsert->pxNextFreeBlock = pxEnd;
 416:Middlewares/Third_Party/FreeRTOS/Source/portable/MemMang/heap_4.c **** 		}
 417:Middlewares/Third_Party/FreeRTOS/Source/portable/MemMang/heap_4.c **** 	}
 418:Middlewares/Third_Party/FreeRTOS/Source/portable/MemMang/heap_4.c **** 	else
 419:Middlewares/Third_Party/FreeRTOS/Source/portable/MemMang/heap_4.c **** 	{
 420:Middlewares/Third_Party/FreeRTOS/Source/portable/MemMang/heap_4.c **** 		pxBlockToInsert->pxNextFreeBlock = pxIterator->pxNextFreeBlock;
 202              		.loc 1 420 3 is_stmt 1 view .LVU69
 203              		.loc 1 420 36 is_stmt 0 view .LVU70
 204 001c 0360     		str	r3, [r0]
 205              	.L11:
 421:Middlewares/Third_Party/FreeRTOS/Source/portable/MemMang/heap_4.c **** 	}
 422:Middlewares/Third_Party/FreeRTOS/Source/portable/MemMang/heap_4.c **** 
 423:Middlewares/Third_Party/FreeRTOS/Source/portable/MemMang/heap_4.c **** 	/* If the block being inserted plugged a gab, so was merged with the block
ARM GAS  /tmp/ccV6o0cS.s 			page 12


 424:Middlewares/Third_Party/FreeRTOS/Source/portable/MemMang/heap_4.c **** 	before and the block after, then it's pxNextFreeBlock pointer will have
 425:Middlewares/Third_Party/FreeRTOS/Source/portable/MemMang/heap_4.c **** 	already been set, and should not be set here as that would make it point
 426:Middlewares/Third_Party/FreeRTOS/Source/portable/MemMang/heap_4.c **** 	to itself. */
 427:Middlewares/Third_Party/FreeRTOS/Source/portable/MemMang/heap_4.c **** 	if( pxIterator != pxBlockToInsert )
 206              		.loc 1 427 2 is_stmt 1 view .LVU71
 207              		.loc 1 427 4 is_stmt 0 view .LVU72
 208 001e 9042     		cmp	r0, r2
 209 0020 00D0     		beq	.L6
 428:Middlewares/Third_Party/FreeRTOS/Source/portable/MemMang/heap_4.c **** 	{
 429:Middlewares/Third_Party/FreeRTOS/Source/portable/MemMang/heap_4.c **** 		pxIterator->pxNextFreeBlock = pxBlockToInsert;
 210              		.loc 1 429 3 is_stmt 1 view .LVU73
 211              		.loc 1 429 31 is_stmt 0 view .LVU74
 212 0022 1060     		str	r0, [r2]
 430:Middlewares/Third_Party/FreeRTOS/Source/portable/MemMang/heap_4.c **** 	}
 431:Middlewares/Third_Party/FreeRTOS/Source/portable/MemMang/heap_4.c **** 	else
 432:Middlewares/Third_Party/FreeRTOS/Source/portable/MemMang/heap_4.c **** 	{
 433:Middlewares/Third_Party/FreeRTOS/Source/portable/MemMang/heap_4.c **** 		mtCOVERAGE_TEST_MARKER();
 213              		.loc 1 433 27 is_stmt 1 view .LVU75
 214              	.L6:
 434:Middlewares/Third_Party/FreeRTOS/Source/portable/MemMang/heap_4.c **** 	}
 435:Middlewares/Third_Party/FreeRTOS/Source/portable/MemMang/heap_4.c **** }
 215              		.loc 1 435 1 is_stmt 0 view .LVU76
 216              		@ sp needed
 217 0024 10BD     		pop	{r4, pc}
 218              	.LVL19:
 219              	.L13:
 394:Middlewares/Third_Party/FreeRTOS/Source/portable/MemMang/heap_4.c **** 		pxBlockToInsert = pxIterator;
 220              		.loc 1 394 3 is_stmt 1 view .LVU77
 394:Middlewares/Third_Party/FreeRTOS/Source/portable/MemMang/heap_4.c **** 		pxBlockToInsert = pxIterator;
 221              		.loc 1 394 44 is_stmt 0 view .LVU78
 222 0026 4068     		ldr	r0, [r0, #4]
 223              	.LVL20:
 394:Middlewares/Third_Party/FreeRTOS/Source/portable/MemMang/heap_4.c **** 		pxBlockToInsert = pxIterator;
 224              		.loc 1 394 26 view .LVU79
 225 0028 0918     		adds	r1, r1, r0
 226 002a 5160     		str	r1, [r2, #4]
 395:Middlewares/Third_Party/FreeRTOS/Source/portable/MemMang/heap_4.c **** 	}
 227              		.loc 1 395 3 is_stmt 1 view .LVU80
 228              	.LVL21:
 395:Middlewares/Third_Party/FreeRTOS/Source/portable/MemMang/heap_4.c **** 	}
 229              		.loc 1 395 19 is_stmt 0 view .LVU81
 230 002c 1000     		movs	r0, r2
 231 002e F1E7     		b	.L8
 232              	.LVL22:
 233              	.L14:
 407:Middlewares/Third_Party/FreeRTOS/Source/portable/MemMang/heap_4.c **** 		{
 234              		.loc 1 407 3 is_stmt 1 view .LVU82
 407:Middlewares/Third_Party/FreeRTOS/Source/portable/MemMang/heap_4.c **** 		{
 235              		.loc 1 407 35 is_stmt 0 view .LVU83
 236 0030 074C     		ldr	r4, .L15+4
 237 0032 2468     		ldr	r4, [r4]
 407:Middlewares/Third_Party/FreeRTOS/Source/portable/MemMang/heap_4.c **** 		{
 238              		.loc 1 407 5 view .LVU84
 239 0034 A342     		cmp	r3, r4
 240 0036 06D0     		beq	.L10
 410:Middlewares/Third_Party/FreeRTOS/Source/portable/MemMang/heap_4.c **** 			pxBlockToInsert->pxNextFreeBlock = pxIterator->pxNextFreeBlock->pxNextFreeBlock;
 241              		.loc 1 410 4 is_stmt 1 view .LVU85
ARM GAS  /tmp/ccV6o0cS.s 			page 13


 410:Middlewares/Third_Party/FreeRTOS/Source/portable/MemMang/heap_4.c **** 			pxBlockToInsert->pxNextFreeBlock = pxIterator->pxNextFreeBlock->pxNextFreeBlock;
 242              		.loc 1 410 62 is_stmt 0 view .LVU86
 243 0038 5B68     		ldr	r3, [r3, #4]
 410:Middlewares/Third_Party/FreeRTOS/Source/portable/MemMang/heap_4.c **** 			pxBlockToInsert->pxNextFreeBlock = pxIterator->pxNextFreeBlock->pxNextFreeBlock;
 244              		.loc 1 410 32 view .LVU87
 245 003a C918     		adds	r1, r1, r3
 246 003c 4160     		str	r1, [r0, #4]
 411:Middlewares/Third_Party/FreeRTOS/Source/portable/MemMang/heap_4.c **** 		}
 247              		.loc 1 411 4 is_stmt 1 view .LVU88
 411:Middlewares/Third_Party/FreeRTOS/Source/portable/MemMang/heap_4.c **** 		}
 248              		.loc 1 411 49 is_stmt 0 view .LVU89
 249 003e 1368     		ldr	r3, [r2]
 411:Middlewares/Third_Party/FreeRTOS/Source/portable/MemMang/heap_4.c **** 		}
 250              		.loc 1 411 66 view .LVU90
 251 0040 1B68     		ldr	r3, [r3]
 252 0042 0360     		str	r3, [r0]
 253 0044 EBE7     		b	.L11
 254              	.L10:
 415:Middlewares/Third_Party/FreeRTOS/Source/portable/MemMang/heap_4.c **** 		}
 255              		.loc 1 415 4 is_stmt 1 view .LVU91
 415:Middlewares/Third_Party/FreeRTOS/Source/portable/MemMang/heap_4.c **** 		}
 256              		.loc 1 415 37 is_stmt 0 view .LVU92
 257 0046 0460     		str	r4, [r0]
 258 0048 E9E7     		b	.L11
 259              	.L16:
 260 004a C046     		.align	2
 261              	.L15:
 262 004c 00000000 		.word	.LANCHOR0
 263 0050 00000000 		.word	.LANCHOR1
 264              		.cfi_endproc
 265              	.LFE6:
 267              		.section	.text.pvPortMalloc,"ax",%progbits
 268              		.align	1
 269              		.global	pvPortMalloc
 270              		.syntax unified
 271              		.code	16
 272              		.thumb_func
 274              	pvPortMalloc:
 275              	.LVL23:
 276              	.LFB0:
 114:Middlewares/Third_Party/FreeRTOS/Source/portable/MemMang/heap_4.c **** BlockLink_t *pxBlock, *pxPreviousBlock, *pxNewBlockLink;
 277              		.loc 1 114 1 is_stmt 1 view -0
 278              		.cfi_startproc
 279              		@ args = 0, pretend = 0, frame = 0
 280              		@ frame_needed = 0, uses_anonymous_args = 0
 114:Middlewares/Third_Party/FreeRTOS/Source/portable/MemMang/heap_4.c **** BlockLink_t *pxBlock, *pxPreviousBlock, *pxNewBlockLink;
 281              		.loc 1 114 1 is_stmt 0 view .LVU94
 282 0000 70B5     		push	{r4, r5, r6, lr}
 283              	.LCFI1:
 284              		.cfi_def_cfa_offset 16
 285              		.cfi_offset 4, -16
 286              		.cfi_offset 5, -12
 287              		.cfi_offset 6, -8
 288              		.cfi_offset 14, -4
 289 0002 0500     		movs	r5, r0
 115:Middlewares/Third_Party/FreeRTOS/Source/portable/MemMang/heap_4.c **** void *pvReturn = NULL;
 290              		.loc 1 115 1 is_stmt 1 view .LVU95
ARM GAS  /tmp/ccV6o0cS.s 			page 14


 116:Middlewares/Third_Party/FreeRTOS/Source/portable/MemMang/heap_4.c **** 
 291              		.loc 1 116 1 view .LVU96
 292              	.LVL24:
 118:Middlewares/Third_Party/FreeRTOS/Source/portable/MemMang/heap_4.c **** 	{
 293              		.loc 1 118 2 view .LVU97
 294 0004 FFF7FEFF 		bl	vTaskSuspendAll
 295              	.LVL25:
 122:Middlewares/Third_Party/FreeRTOS/Source/portable/MemMang/heap_4.c **** 		{
 296              		.loc 1 122 3 view .LVU98
 122:Middlewares/Third_Party/FreeRTOS/Source/portable/MemMang/heap_4.c **** 		{
 297              		.loc 1 122 13 is_stmt 0 view .LVU99
 298 0008 2C4B     		ldr	r3, .L35
 299 000a 1B68     		ldr	r3, [r3]
 122:Middlewares/Third_Party/FreeRTOS/Source/portable/MemMang/heap_4.c **** 		{
 300              		.loc 1 122 5 view .LVU100
 301 000c 002B     		cmp	r3, #0
 302 000e 14D0     		beq	.L34
 303              	.L18:
 128:Middlewares/Third_Party/FreeRTOS/Source/portable/MemMang/heap_4.c **** 		}
 304              		.loc 1 128 28 is_stmt 1 view .LVU101
 135:Middlewares/Third_Party/FreeRTOS/Source/portable/MemMang/heap_4.c **** 		{
 305              		.loc 1 135 3 view .LVU102
 135:Middlewares/Third_Party/FreeRTOS/Source/portable/MemMang/heap_4.c **** 		{
 306              		.loc 1 135 21 is_stmt 0 view .LVU103
 307 0010 2B4B     		ldr	r3, .L35+4
 308 0012 1B68     		ldr	r3, [r3]
 135:Middlewares/Third_Party/FreeRTOS/Source/portable/MemMang/heap_4.c **** 		{
 309              		.loc 1 135 5 view .LVU104
 310 0014 2B42     		tst	r3, r5
 311 0016 42D1     		bne	.L29
 139:Middlewares/Third_Party/FreeRTOS/Source/portable/MemMang/heap_4.c **** 			{
 312              		.loc 1 139 4 is_stmt 1 view .LVU105
 139:Middlewares/Third_Party/FreeRTOS/Source/portable/MemMang/heap_4.c **** 			{
 313              		.loc 1 139 6 is_stmt 0 view .LVU106
 314 0018 002D     		cmp	r5, #0
 315 001a 05D0     		beq	.L20
 141:Middlewares/Third_Party/FreeRTOS/Source/portable/MemMang/heap_4.c **** 
 316              		.loc 1 141 5 is_stmt 1 view .LVU107
 141:Middlewares/Third_Party/FreeRTOS/Source/portable/MemMang/heap_4.c **** 
 317              		.loc 1 141 17 is_stmt 0 view .LVU108
 318 001c 0835     		adds	r5, r5, #8
 319              	.LVL26:
 145:Middlewares/Third_Party/FreeRTOS/Source/portable/MemMang/heap_4.c **** 				{
 320              		.loc 1 145 5 is_stmt 1 view .LVU109
 145:Middlewares/Third_Party/FreeRTOS/Source/portable/MemMang/heap_4.c **** 				{
 321              		.loc 1 145 7 is_stmt 0 view .LVU110
 322 001e 6B07     		lsls	r3, r5, #29
 323 0020 02D0     		beq	.L20
 148:Middlewares/Third_Party/FreeRTOS/Source/portable/MemMang/heap_4.c **** 					configASSERT( ( xWantedSize & portBYTE_ALIGNMENT_MASK ) == 0 );
 324              		.loc 1 148 6 is_stmt 1 view .LVU111
 148:Middlewares/Third_Party/FreeRTOS/Source/portable/MemMang/heap_4.c **** 					configASSERT( ( xWantedSize & portBYTE_ALIGNMENT_MASK ) == 0 );
 325              		.loc 1 148 18 is_stmt 0 view .LVU112
 326 0022 0723     		movs	r3, #7
 327 0024 9D43     		bics	r5, r3
 328              	.LVL27:
 148:Middlewares/Third_Party/FreeRTOS/Source/portable/MemMang/heap_4.c **** 					configASSERT( ( xWantedSize & portBYTE_ALIGNMENT_MASK ) == 0 );
 329              		.loc 1 148 18 view .LVU113
ARM GAS  /tmp/ccV6o0cS.s 			page 15


 330 0026 0835     		adds	r5, r5, #8
 331              	.LVL28:
 149:Middlewares/Third_Party/FreeRTOS/Source/portable/MemMang/heap_4.c **** 				}
 332              		.loc 1 149 6 is_stmt 1 view .LVU114
 333              	.L20:
 158:Middlewares/Third_Party/FreeRTOS/Source/portable/MemMang/heap_4.c **** 			}
 334              		.loc 1 158 29 view .LVU115
 161:Middlewares/Third_Party/FreeRTOS/Source/portable/MemMang/heap_4.c **** 			{
 335              		.loc 1 161 4 view .LVU116
 161:Middlewares/Third_Party/FreeRTOS/Source/portable/MemMang/heap_4.c **** 			{
 336              		.loc 1 161 6 is_stmt 0 view .LVU117
 337 0028 002D     		cmp	r5, #0
 338 002a 3AD0     		beq	.L30
 161:Middlewares/Third_Party/FreeRTOS/Source/portable/MemMang/heap_4.c **** 			{
 339              		.loc 1 161 45 discriminator 1 view .LVU118
 340 002c 254B     		ldr	r3, .L35+8
 341 002e 1B68     		ldr	r3, [r3]
 161:Middlewares/Third_Party/FreeRTOS/Source/portable/MemMang/heap_4.c **** 			{
 342              		.loc 1 161 28 discriminator 1 view .LVU119
 343 0030 AB42     		cmp	r3, r5
 344 0032 3DD3     		bcc	.L31
 165:Middlewares/Third_Party/FreeRTOS/Source/portable/MemMang/heap_4.c **** 				pxBlock = xStart.pxNextFreeBlock;
 345              		.loc 1 165 5 is_stmt 1 view .LVU120
 346              	.LVL29:
 166:Middlewares/Third_Party/FreeRTOS/Source/portable/MemMang/heap_4.c **** 				while( ( pxBlock->xBlockSize < xWantedSize ) && ( pxBlock->pxNextFreeBlock != NULL ) )
 347              		.loc 1 166 5 view .LVU121
 166:Middlewares/Third_Party/FreeRTOS/Source/portable/MemMang/heap_4.c **** 				while( ( pxBlock->xBlockSize < xWantedSize ) && ( pxBlock->pxNextFreeBlock != NULL ) )
 348              		.loc 1 166 13 is_stmt 0 view .LVU122
 349 0034 244A     		ldr	r2, .L35+12
 350 0036 1468     		ldr	r4, [r2]
 351              	.LVL30:
 167:Middlewares/Third_Party/FreeRTOS/Source/portable/MemMang/heap_4.c **** 				{
 352              		.loc 1 167 5 is_stmt 1 view .LVU123
 167:Middlewares/Third_Party/FreeRTOS/Source/portable/MemMang/heap_4.c **** 				{
 353              		.loc 1 167 10 is_stmt 0 view .LVU124
 354 0038 04E0     		b	.L22
 355              	.LVL31:
 356              	.L34:
 124:Middlewares/Third_Party/FreeRTOS/Source/portable/MemMang/heap_4.c **** 		}
 357              		.loc 1 124 4 is_stmt 1 view .LVU125
 358 003a FFF7FEFF 		bl	prvHeapInit
 359              	.LVL32:
 360 003e E7E7     		b	.L18
 361              	.LVL33:
 362              	.L32:
 169:Middlewares/Third_Party/FreeRTOS/Source/portable/MemMang/heap_4.c **** 					pxBlock = pxBlock->pxNextFreeBlock;
 363              		.loc 1 169 22 is_stmt 0 view .LVU126
 364 0040 2200     		movs	r2, r4
 365              	.LVL34:
 170:Middlewares/Third_Party/FreeRTOS/Source/portable/MemMang/heap_4.c **** 				}
 366              		.loc 1 170 14 view .LVU127
 367 0042 1C00     		movs	r4, r3
 368              	.LVL35:
 369              	.L22:
 167:Middlewares/Third_Party/FreeRTOS/Source/portable/MemMang/heap_4.c **** 				{
 370              		.loc 1 167 10 is_stmt 1 view .LVU128
 371 0044 6368     		ldr	r3, [r4, #4]
ARM GAS  /tmp/ccV6o0cS.s 			page 16


 372 0046 AB42     		cmp	r3, r5
 373 0048 02D2     		bcs	.L21
 167:Middlewares/Third_Party/FreeRTOS/Source/portable/MemMang/heap_4.c **** 				{
 374              		.loc 1 167 62 is_stmt 0 discriminator 1 view .LVU129
 375 004a 2368     		ldr	r3, [r4]
 167:Middlewares/Third_Party/FreeRTOS/Source/portable/MemMang/heap_4.c **** 				{
 376              		.loc 1 167 50 discriminator 1 view .LVU130
 377 004c 002B     		cmp	r3, #0
 378 004e F7D1     		bne	.L32
 379              	.L21:
 175:Middlewares/Third_Party/FreeRTOS/Source/portable/MemMang/heap_4.c **** 				{
 380              		.loc 1 175 5 is_stmt 1 view .LVU131
 175:Middlewares/Third_Party/FreeRTOS/Source/portable/MemMang/heap_4.c **** 				{
 381              		.loc 1 175 17 is_stmt 0 view .LVU132
 382 0050 1A4B     		ldr	r3, .L35
 383 0052 1B68     		ldr	r3, [r3]
 175:Middlewares/Third_Party/FreeRTOS/Source/portable/MemMang/heap_4.c **** 				{
 384              		.loc 1 175 7 view .LVU133
 385 0054 A342     		cmp	r3, r4
 386 0056 2DD0     		beq	.L33
 179:Middlewares/Third_Party/FreeRTOS/Source/portable/MemMang/heap_4.c **** 
 387              		.loc 1 179 6 is_stmt 1 view .LVU134
 179:Middlewares/Third_Party/FreeRTOS/Source/portable/MemMang/heap_4.c **** 
 388              		.loc 1 179 15 is_stmt 0 view .LVU135
 389 0058 1668     		ldr	r6, [r2]
 390 005a 0836     		adds	r6, r6, #8
 391              	.LVL36:
 183:Middlewares/Third_Party/FreeRTOS/Source/portable/MemMang/heap_4.c **** 
 392              		.loc 1 183 6 is_stmt 1 view .LVU136
 183:Middlewares/Third_Party/FreeRTOS/Source/portable/MemMang/heap_4.c **** 
 393              		.loc 1 183 39 is_stmt 0 view .LVU137
 394 005c 2368     		ldr	r3, [r4]
 395 005e 1360     		str	r3, [r2]
 187:Middlewares/Third_Party/FreeRTOS/Source/portable/MemMang/heap_4.c **** 					{
 396              		.loc 1 187 6 is_stmt 1 view .LVU138
 187:Middlewares/Third_Party/FreeRTOS/Source/portable/MemMang/heap_4.c **** 					{
 397              		.loc 1 187 32 is_stmt 0 view .LVU139
 398 0060 6368     		ldr	r3, [r4, #4]
 399 0062 5B1B     		subs	r3, r3, r5
 187:Middlewares/Third_Party/FreeRTOS/Source/portable/MemMang/heap_4.c **** 					{
 400              		.loc 1 187 8 view .LVU140
 401 0064 102B     		cmp	r3, #16
 402 0066 08D9     		bls	.L23
 193:Middlewares/Third_Party/FreeRTOS/Source/portable/MemMang/heap_4.c **** 						configASSERT( ( ( ( size_t ) pxNewBlockLink ) & portBYTE_ALIGNMENT_MASK ) == 0 );
 403              		.loc 1 193 7 is_stmt 1 view .LVU141
 193:Middlewares/Third_Party/FreeRTOS/Source/portable/MemMang/heap_4.c **** 						configASSERT( ( ( ( size_t ) pxNewBlockLink ) & portBYTE_ALIGNMENT_MASK ) == 0 );
 404              		.loc 1 193 22 is_stmt 0 view .LVU142
 405 0068 6019     		adds	r0, r4, r5
 406              	.LVL37:
 194:Middlewares/Third_Party/FreeRTOS/Source/portable/MemMang/heap_4.c **** 
 407              		.loc 1 194 7 is_stmt 1 view .LVU143
 408 006a 4207     		lsls	r2, r0, #29
 409 006c 01D0     		beq	.L24
 410              	.LVL38:
 194:Middlewares/Third_Party/FreeRTOS/Source/portable/MemMang/heap_4.c **** 
 411              		.loc 1 194 7 discriminator 1 view .LVU144
 412              		.syntax divided
ARM GAS  /tmp/ccV6o0cS.s 			page 17


 413              	@ 194 "Middlewares/Third_Party/FreeRTOS/Source/portable/MemMang/heap_4.c" 1
 414 006e 72B6     		 cpsid i 
 415              	@ 0 "" 2
 416              		.thumb
 417              		.syntax unified
 418              	.L25:
 194:Middlewares/Third_Party/FreeRTOS/Source/portable/MemMang/heap_4.c **** 
 419              		.loc 1 194 7 discriminator 3 view .LVU145
 194:Middlewares/Third_Party/FreeRTOS/Source/portable/MemMang/heap_4.c **** 
 420              		.loc 1 194 7 discriminator 3 view .LVU146
 194:Middlewares/Third_Party/FreeRTOS/Source/portable/MemMang/heap_4.c **** 
 421              		.loc 1 194 7 discriminator 3 view .LVU147
 422 0070 FEE7     		b	.L25
 423              	.L24:
 194:Middlewares/Third_Party/FreeRTOS/Source/portable/MemMang/heap_4.c **** 
 424              		.loc 1 194 87 discriminator 2 view .LVU148
 198:Middlewares/Third_Party/FreeRTOS/Source/portable/MemMang/heap_4.c **** 						pxBlock->xBlockSize = xWantedSize;
 425              		.loc 1 198 7 discriminator 2 view .LVU149
 198:Middlewares/Third_Party/FreeRTOS/Source/portable/MemMang/heap_4.c **** 						pxBlock->xBlockSize = xWantedSize;
 426              		.loc 1 198 34 is_stmt 0 discriminator 2 view .LVU150
 427 0072 4360     		str	r3, [r0, #4]
 199:Middlewares/Third_Party/FreeRTOS/Source/portable/MemMang/heap_4.c **** 
 428              		.loc 1 199 7 is_stmt 1 discriminator 2 view .LVU151
 199:Middlewares/Third_Party/FreeRTOS/Source/portable/MemMang/heap_4.c **** 
 429              		.loc 1 199 27 is_stmt 0 discriminator 2 view .LVU152
 430 0074 6560     		str	r5, [r4, #4]
 202:Middlewares/Third_Party/FreeRTOS/Source/portable/MemMang/heap_4.c **** 					}
 431              		.loc 1 202 7 is_stmt 1 discriminator 2 view .LVU153
 432 0076 FFF7FEFF 		bl	prvInsertBlockIntoFreeList
 433              	.LVL39:
 434              	.L23:
 206:Middlewares/Third_Party/FreeRTOS/Source/portable/MemMang/heap_4.c **** 					}
 435              		.loc 1 206 31 view .LVU154
 209:Middlewares/Third_Party/FreeRTOS/Source/portable/MemMang/heap_4.c **** 
 436              		.loc 1 209 6 view .LVU155
 209:Middlewares/Third_Party/FreeRTOS/Source/portable/MemMang/heap_4.c **** 
 437              		.loc 1 209 36 is_stmt 0 view .LVU156
 438 007a 6268     		ldr	r2, [r4, #4]
 209:Middlewares/Third_Party/FreeRTOS/Source/portable/MemMang/heap_4.c **** 
 439              		.loc 1 209 26 view .LVU157
 440 007c 1149     		ldr	r1, .L35+8
 441 007e 0B68     		ldr	r3, [r1]
 442 0080 9B1A     		subs	r3, r3, r2
 443 0082 0B60     		str	r3, [r1]
 211:Middlewares/Third_Party/FreeRTOS/Source/portable/MemMang/heap_4.c **** 					{
 444              		.loc 1 211 6 is_stmt 1 view .LVU158
 211:Middlewares/Third_Party/FreeRTOS/Source/portable/MemMang/heap_4.c **** 					{
 445              		.loc 1 211 30 is_stmt 0 view .LVU159
 446 0084 1149     		ldr	r1, .L35+16
 447 0086 0968     		ldr	r1, [r1]
 211:Middlewares/Third_Party/FreeRTOS/Source/portable/MemMang/heap_4.c **** 					{
 448              		.loc 1 211 8 view .LVU160
 449 0088 8B42     		cmp	r3, r1
 450 008a 01D2     		bcs	.L26
 213:Middlewares/Third_Party/FreeRTOS/Source/portable/MemMang/heap_4.c **** 					}
 451              		.loc 1 213 7 is_stmt 1 view .LVU161
 213:Middlewares/Third_Party/FreeRTOS/Source/portable/MemMang/heap_4.c **** 					}
ARM GAS  /tmp/ccV6o0cS.s 			page 18


 452              		.loc 1 213 38 is_stmt 0 view .LVU162
 453 008c 0F49     		ldr	r1, .L35+16
 454 008e 0B60     		str	r3, [r1]
 455              	.L26:
 217:Middlewares/Third_Party/FreeRTOS/Source/portable/MemMang/heap_4.c **** 					}
 456              		.loc 1 217 31 is_stmt 1 view .LVU163
 222:Middlewares/Third_Party/FreeRTOS/Source/portable/MemMang/heap_4.c **** 					pxBlock->pxNextFreeBlock = NULL;
 457              		.loc 1 222 6 view .LVU164
 222:Middlewares/Third_Party/FreeRTOS/Source/portable/MemMang/heap_4.c **** 					pxBlock->pxNextFreeBlock = NULL;
 458              		.loc 1 222 26 is_stmt 0 view .LVU165
 459 0090 0B4B     		ldr	r3, .L35+4
 460 0092 1B68     		ldr	r3, [r3]
 461 0094 1343     		orrs	r3, r2
 462 0096 6360     		str	r3, [r4, #4]
 223:Middlewares/Third_Party/FreeRTOS/Source/portable/MemMang/heap_4.c **** 				}
 463              		.loc 1 223 6 is_stmt 1 view .LVU166
 223:Middlewares/Third_Party/FreeRTOS/Source/portable/MemMang/heap_4.c **** 				}
 464              		.loc 1 223 31 is_stmt 0 view .LVU167
 465 0098 0023     		movs	r3, #0
 466 009a 2360     		str	r3, [r4]
 467 009c 02E0     		b	.L19
 468              	.LVL40:
 469              	.L29:
 116:Middlewares/Third_Party/FreeRTOS/Source/portable/MemMang/heap_4.c **** 
 470              		.loc 1 116 7 view .LVU168
 471 009e 0026     		movs	r6, #0
 472 00a0 00E0     		b	.L19
 473              	.L30:
 116:Middlewares/Third_Party/FreeRTOS/Source/portable/MemMang/heap_4.c **** 
 474              		.loc 1 116 7 view .LVU169
 475 00a2 0026     		movs	r6, #0
 476              	.LVL41:
 477              	.L19:
 237:Middlewares/Third_Party/FreeRTOS/Source/portable/MemMang/heap_4.c **** 		}
 478              		.loc 1 237 28 is_stmt 1 view .LVU170
 240:Middlewares/Third_Party/FreeRTOS/Source/portable/MemMang/heap_4.c **** 	}
 479              		.loc 1 240 39 view .LVU171
 242:Middlewares/Third_Party/FreeRTOS/Source/portable/MemMang/heap_4.c **** 
 480              		.loc 1 242 2 view .LVU172
 242:Middlewares/Third_Party/FreeRTOS/Source/portable/MemMang/heap_4.c **** 
 481              		.loc 1 242 11 is_stmt 0 view .LVU173
 482 00a4 FFF7FEFF 		bl	xTaskResumeAll
 483              	.LVL42:
 258:Middlewares/Third_Party/FreeRTOS/Source/portable/MemMang/heap_4.c **** 	return pvReturn;
 484              		.loc 1 258 2 is_stmt 1 view .LVU174
 485 00a8 7307     		lsls	r3, r6, #29
 486 00aa 05D0     		beq	.L17
 258:Middlewares/Third_Party/FreeRTOS/Source/portable/MemMang/heap_4.c **** 	return pvReturn;
 487              		.loc 1 258 2 discriminator 1 view .LVU175
 488              		.syntax divided
 489              	@ 258 "Middlewares/Third_Party/FreeRTOS/Source/portable/MemMang/heap_4.c" 1
 490 00ac 72B6     		 cpsid i 
 491              	@ 0 "" 2
 492              		.thumb
 493              		.syntax unified
 494              	.L28:
 258:Middlewares/Third_Party/FreeRTOS/Source/portable/MemMang/heap_4.c **** 	return pvReturn;
ARM GAS  /tmp/ccV6o0cS.s 			page 19


 495              		.loc 1 258 2 discriminator 5 view .LVU176
 258:Middlewares/Third_Party/FreeRTOS/Source/portable/MemMang/heap_4.c **** 	return pvReturn;
 496              		.loc 1 258 2 discriminator 5 view .LVU177
 258:Middlewares/Third_Party/FreeRTOS/Source/portable/MemMang/heap_4.c **** 	return pvReturn;
 497              		.loc 1 258 2 discriminator 5 view .LVU178
 498 00ae FEE7     		b	.L28
 499              	.LVL43:
 500              	.L31:
 116:Middlewares/Third_Party/FreeRTOS/Source/portable/MemMang/heap_4.c **** 
 501              		.loc 1 116 7 is_stmt 0 view .LVU179
 502 00b0 0026     		movs	r6, #0
 503 00b2 F7E7     		b	.L19
 504              	.LVL44:
 505              	.L33:
 116:Middlewares/Third_Party/FreeRTOS/Source/portable/MemMang/heap_4.c **** 
 506              		.loc 1 116 7 view .LVU180
 507 00b4 0026     		movs	r6, #0
 508 00b6 F5E7     		b	.L19
 509              	.LVL45:
 510              	.L17:
 260:Middlewares/Third_Party/FreeRTOS/Source/portable/MemMang/heap_4.c **** /*-----------------------------------------------------------*/
 511              		.loc 1 260 1 view .LVU181
 512 00b8 3000     		movs	r0, r6
 513              		@ sp needed
 514              	.LVL46:
 515              	.LVL47:
 260:Middlewares/Third_Party/FreeRTOS/Source/portable/MemMang/heap_4.c **** /*-----------------------------------------------------------*/
 516              		.loc 1 260 1 view .LVU182
 517 00ba 70BD     		pop	{r4, r5, r6, pc}
 518              	.L36:
 519              		.align	2
 520              	.L35:
 521 00bc 00000000 		.word	.LANCHOR1
 522 00c0 00000000 		.word	.LANCHOR4
 523 00c4 00000000 		.word	.LANCHOR3
 524 00c8 00000000 		.word	.LANCHOR0
 525 00cc 00000000 		.word	.LANCHOR2
 526              		.cfi_endproc
 527              	.LFE0:
 529              		.section	.text.vPortFree,"ax",%progbits
 530              		.align	1
 531              		.global	vPortFree
 532              		.syntax unified
 533              		.code	16
 534              		.thumb_func
 536              	vPortFree:
 537              	.LVL48:
 538              	.LFB1:
 264:Middlewares/Third_Party/FreeRTOS/Source/portable/MemMang/heap_4.c **** uint8_t *puc = ( uint8_t * ) pv;
 539              		.loc 1 264 1 is_stmt 1 view -0
 540              		.cfi_startproc
 541              		@ args = 0, pretend = 0, frame = 0
 542              		@ frame_needed = 0, uses_anonymous_args = 0
 264:Middlewares/Third_Party/FreeRTOS/Source/portable/MemMang/heap_4.c **** uint8_t *puc = ( uint8_t * ) pv;
 543              		.loc 1 264 1 is_stmt 0 view .LVU184
 544 0000 70B5     		push	{r4, r5, r6, lr}
 545              	.LCFI2:
ARM GAS  /tmp/ccV6o0cS.s 			page 20


 546              		.cfi_def_cfa_offset 16
 547              		.cfi_offset 4, -16
 548              		.cfi_offset 5, -12
 549              		.cfi_offset 6, -8
 550              		.cfi_offset 14, -4
 265:Middlewares/Third_Party/FreeRTOS/Source/portable/MemMang/heap_4.c **** BlockLink_t *pxLink;
 551              		.loc 1 265 1 is_stmt 1 view .LVU185
 552              	.LVL49:
 266:Middlewares/Third_Party/FreeRTOS/Source/portable/MemMang/heap_4.c **** 
 553              		.loc 1 266 1 view .LVU186
 268:Middlewares/Third_Party/FreeRTOS/Source/portable/MemMang/heap_4.c **** 	{
 554              		.loc 1 268 2 view .LVU187
 268:Middlewares/Third_Party/FreeRTOS/Source/portable/MemMang/heap_4.c **** 	{
 555              		.loc 1 268 4 is_stmt 0 view .LVU188
 556 0002 0028     		cmp	r0, #0
 557 0004 20D0     		beq	.L37
 272:Middlewares/Third_Party/FreeRTOS/Source/portable/MemMang/heap_4.c **** 
 558              		.loc 1 272 3 is_stmt 1 view .LVU189
 272:Middlewares/Third_Party/FreeRTOS/Source/portable/MemMang/heap_4.c **** 
 559              		.loc 1 272 7 is_stmt 0 view .LVU190
 560 0006 0500     		movs	r5, r0
 561 0008 083D     		subs	r5, r5, #8
 562              	.LVL50:
 275:Middlewares/Third_Party/FreeRTOS/Source/portable/MemMang/heap_4.c **** 
 563              		.loc 1 275 3 is_stmt 1 view .LVU191
 278:Middlewares/Third_Party/FreeRTOS/Source/portable/MemMang/heap_4.c **** 		configASSERT( pxLink->pxNextFreeBlock == NULL );
 564              		.loc 1 278 3 view .LVU192
 565 000a 6B68     		ldr	r3, [r5, #4]
 566 000c 0F4A     		ldr	r2, .L43
 567 000e 1268     		ldr	r2, [r2]
 568 0010 1A42     		tst	r2, r3
 569 0012 01D1     		bne	.L39
 278:Middlewares/Third_Party/FreeRTOS/Source/portable/MemMang/heap_4.c **** 		configASSERT( pxLink->pxNextFreeBlock == NULL );
 570              		.loc 1 278 3 discriminator 1 view .LVU193
 571              		.syntax divided
 572              	@ 278 "Middlewares/Third_Party/FreeRTOS/Source/portable/MemMang/heap_4.c" 1
 573 0014 72B6     		 cpsid i 
 574              	@ 0 "" 2
 575              		.thumb
 576              		.syntax unified
 577              	.L40:
 278:Middlewares/Third_Party/FreeRTOS/Source/portable/MemMang/heap_4.c **** 		configASSERT( pxLink->pxNextFreeBlock == NULL );
 578              		.loc 1 278 3 discriminator 1 view .LVU194
 278:Middlewares/Third_Party/FreeRTOS/Source/portable/MemMang/heap_4.c **** 		configASSERT( pxLink->pxNextFreeBlock == NULL );
 579              		.loc 1 278 3 discriminator 1 view .LVU195
 278:Middlewares/Third_Party/FreeRTOS/Source/portable/MemMang/heap_4.c **** 		configASSERT( pxLink->pxNextFreeBlock == NULL );
 580              		.loc 1 278 3 discriminator 1 view .LVU196
 581 0016 FEE7     		b	.L40
 582              	.L39:
 278:Middlewares/Third_Party/FreeRTOS/Source/portable/MemMang/heap_4.c **** 		configASSERT( pxLink->pxNextFreeBlock == NULL );
 583              		.loc 1 278 67 discriminator 2 view .LVU197
 279:Middlewares/Third_Party/FreeRTOS/Source/portable/MemMang/heap_4.c **** 
 584              		.loc 1 279 3 discriminator 2 view .LVU198
 585 0018 0100     		movs	r1, r0
 586 001a 0839     		subs	r1, r1, #8
 587 001c 0968     		ldr	r1, [r1]
 588 001e 0029     		cmp	r1, #0
ARM GAS  /tmp/ccV6o0cS.s 			page 21


 589 0020 01D0     		beq	.L41
 279:Middlewares/Third_Party/FreeRTOS/Source/portable/MemMang/heap_4.c **** 
 590              		.loc 1 279 3 discriminator 1 view .LVU199
 591              		.syntax divided
 592              	@ 279 "Middlewares/Third_Party/FreeRTOS/Source/portable/MemMang/heap_4.c" 1
 593 0022 72B6     		 cpsid i 
 594              	@ 0 "" 2
 595              		.thumb
 596              		.syntax unified
 597              	.L42:
 279:Middlewares/Third_Party/FreeRTOS/Source/portable/MemMang/heap_4.c **** 
 598              		.loc 1 279 3 discriminator 2 view .LVU200
 279:Middlewares/Third_Party/FreeRTOS/Source/portable/MemMang/heap_4.c **** 
 599              		.loc 1 279 3 discriminator 2 view .LVU201
 279:Middlewares/Third_Party/FreeRTOS/Source/portable/MemMang/heap_4.c **** 
 600              		.loc 1 279 3 discriminator 2 view .LVU202
 601 0024 FEE7     		b	.L42
 602              	.L41:
 279:Middlewares/Third_Party/FreeRTOS/Source/portable/MemMang/heap_4.c **** 
 603              		.loc 1 279 50 view .LVU203
 281:Middlewares/Third_Party/FreeRTOS/Source/portable/MemMang/heap_4.c **** 		{
 604              		.loc 1 281 3 view .LVU204
 283:Middlewares/Third_Party/FreeRTOS/Source/portable/MemMang/heap_4.c **** 			{
 605              		.loc 1 283 4 view .LVU205
 287:Middlewares/Third_Party/FreeRTOS/Source/portable/MemMang/heap_4.c **** 
 606              		.loc 1 287 5 view .LVU206
 287:Middlewares/Third_Party/FreeRTOS/Source/portable/MemMang/heap_4.c **** 
 607              		.loc 1 287 24 is_stmt 0 view .LVU207
 608 0026 0838     		subs	r0, r0, #8
 609              	.LVL51:
 287:Middlewares/Third_Party/FreeRTOS/Source/portable/MemMang/heap_4.c **** 
 610              		.loc 1 287 24 view .LVU208
 611 0028 0400     		movs	r4, r0
 612 002a 9343     		bics	r3, r2
 613 002c 4360     		str	r3, [r0, #4]
 289:Middlewares/Third_Party/FreeRTOS/Source/portable/MemMang/heap_4.c **** 				{
 614              		.loc 1 289 5 is_stmt 1 view .LVU209
 615 002e FFF7FEFF 		bl	vTaskSuspendAll
 616              	.LVL52:
 292:Middlewares/Third_Party/FreeRTOS/Source/portable/MemMang/heap_4.c **** 					traceFREE( pv, pxLink->xBlockSize );
 617              		.loc 1 292 6 view .LVU210
 292:Middlewares/Third_Party/FreeRTOS/Source/portable/MemMang/heap_4.c **** 					traceFREE( pv, pxLink->xBlockSize );
 618              		.loc 1 292 35 is_stmt 0 view .LVU211
 619 0032 6368     		ldr	r3, [r4, #4]
 292:Middlewares/Third_Party/FreeRTOS/Source/portable/MemMang/heap_4.c **** 					traceFREE( pv, pxLink->xBlockSize );
 620              		.loc 1 292 26 view .LVU212
 621 0034 064A     		ldr	r2, .L43+4
 622 0036 1168     		ldr	r1, [r2]
 623 0038 8C46     		mov	ip, r1
 624 003a 6344     		add	r3, r3, ip
 625 003c 1360     		str	r3, [r2]
 293:Middlewares/Third_Party/FreeRTOS/Source/portable/MemMang/heap_4.c **** 					prvInsertBlockIntoFreeList( ( ( BlockLink_t * ) pxLink ) );
 626              		.loc 1 293 41 is_stmt 1 view .LVU213
 294:Middlewares/Third_Party/FreeRTOS/Source/portable/MemMang/heap_4.c **** 				}
 627              		.loc 1 294 6 view .LVU214
 628 003e 2800     		movs	r0, r5
 629 0040 FFF7FEFF 		bl	prvInsertBlockIntoFreeList
ARM GAS  /tmp/ccV6o0cS.s 			page 22


 630              	.LVL53:
 296:Middlewares/Third_Party/FreeRTOS/Source/portable/MemMang/heap_4.c **** 			}
 631              		.loc 1 296 5 view .LVU215
 296:Middlewares/Third_Party/FreeRTOS/Source/portable/MemMang/heap_4.c **** 			}
 632              		.loc 1 296 14 is_stmt 0 view .LVU216
 633 0044 FFF7FEFF 		bl	xTaskResumeAll
 634              	.LVL54:
 305:Middlewares/Third_Party/FreeRTOS/Source/portable/MemMang/heap_4.c **** 		}
 635              		.loc 1 305 28 is_stmt 1 view .LVU217
 636              	.L37:
 308:Middlewares/Third_Party/FreeRTOS/Source/portable/MemMang/heap_4.c **** /*-----------------------------------------------------------*/
 637              		.loc 1 308 1 is_stmt 0 view .LVU218
 638              		@ sp needed
 639 0048 70BD     		pop	{r4, r5, r6, pc}
 640              	.L44:
 641 004a C046     		.align	2
 642              	.L43:
 643 004c 00000000 		.word	.LANCHOR4
 644 0050 00000000 		.word	.LANCHOR3
 645              		.cfi_endproc
 646              	.LFE1:
 648              		.section	.text.xPortGetFreeHeapSize,"ax",%progbits
 649              		.align	1
 650              		.global	xPortGetFreeHeapSize
 651              		.syntax unified
 652              		.code	16
 653              		.thumb_func
 655              	xPortGetFreeHeapSize:
 656              	.LFB2:
 312:Middlewares/Third_Party/FreeRTOS/Source/portable/MemMang/heap_4.c **** 	return xFreeBytesRemaining;
 657              		.loc 1 312 1 is_stmt 1 view -0
 658              		.cfi_startproc
 659              		@ args = 0, pretend = 0, frame = 0
 660              		@ frame_needed = 0, uses_anonymous_args = 0
 661              		@ link register save eliminated.
 313:Middlewares/Third_Party/FreeRTOS/Source/portable/MemMang/heap_4.c **** }
 662              		.loc 1 313 2 view .LVU220
 313:Middlewares/Third_Party/FreeRTOS/Source/portable/MemMang/heap_4.c **** }
 663              		.loc 1 313 9 is_stmt 0 view .LVU221
 664 0000 014B     		ldr	r3, .L46
 665 0002 1868     		ldr	r0, [r3]
 314:Middlewares/Third_Party/FreeRTOS/Source/portable/MemMang/heap_4.c **** /*-----------------------------------------------------------*/
 666              		.loc 1 314 1 view .LVU222
 667              		@ sp needed
 668 0004 7047     		bx	lr
 669              	.L47:
 670 0006 C046     		.align	2
 671              	.L46:
 672 0008 00000000 		.word	.LANCHOR3
 673              		.cfi_endproc
 674              	.LFE2:
 676              		.section	.text.xPortGetMinimumEverFreeHeapSize,"ax",%progbits
 677              		.align	1
 678              		.global	xPortGetMinimumEverFreeHeapSize
 679              		.syntax unified
 680              		.code	16
 681              		.thumb_func
ARM GAS  /tmp/ccV6o0cS.s 			page 23


 683              	xPortGetMinimumEverFreeHeapSize:
 684              	.LFB3:
 318:Middlewares/Third_Party/FreeRTOS/Source/portable/MemMang/heap_4.c **** 	return xMinimumEverFreeBytesRemaining;
 685              		.loc 1 318 1 is_stmt 1 view -0
 686              		.cfi_startproc
 687              		@ args = 0, pretend = 0, frame = 0
 688              		@ frame_needed = 0, uses_anonymous_args = 0
 689              		@ link register save eliminated.
 319:Middlewares/Third_Party/FreeRTOS/Source/portable/MemMang/heap_4.c **** }
 690              		.loc 1 319 2 view .LVU224
 319:Middlewares/Third_Party/FreeRTOS/Source/portable/MemMang/heap_4.c **** }
 691              		.loc 1 319 9 is_stmt 0 view .LVU225
 692 0000 014B     		ldr	r3, .L49
 693 0002 1868     		ldr	r0, [r3]
 320:Middlewares/Third_Party/FreeRTOS/Source/portable/MemMang/heap_4.c **** /*-----------------------------------------------------------*/
 694              		.loc 1 320 1 view .LVU226
 695              		@ sp needed
 696 0004 7047     		bx	lr
 697              	.L50:
 698 0006 C046     		.align	2
 699              	.L49:
 700 0008 00000000 		.word	.LANCHOR2
 701              		.cfi_endproc
 702              	.LFE3:
 704              		.section	.text.vPortInitialiseBlocks,"ax",%progbits
 705              		.align	1
 706              		.global	vPortInitialiseBlocks
 707              		.syntax unified
 708              		.code	16
 709              		.thumb_func
 711              	vPortInitialiseBlocks:
 712              	.LFB4:
 324:Middlewares/Third_Party/FreeRTOS/Source/portable/MemMang/heap_4.c **** 	/* This just exists to keep the linker quiet. */
 713              		.loc 1 324 1 is_stmt 1 view -0
 714              		.cfi_startproc
 715              		@ args = 0, pretend = 0, frame = 0
 716              		@ frame_needed = 0, uses_anonymous_args = 0
 717              		@ link register save eliminated.
 326:Middlewares/Third_Party/FreeRTOS/Source/portable/MemMang/heap_4.c **** /*-----------------------------------------------------------*/
 718              		.loc 1 326 1 view .LVU228
 719              		@ sp needed
 720 0000 7047     		bx	lr
 721              		.cfi_endproc
 722              	.LFE4:
 724              		.section	.bss.pxEnd,"aw",%nobits
 725              		.align	2
 726              		.set	.LANCHOR1,. + 0
 729              	pxEnd:
 730 0000 00000000 		.space	4
 731              		.section	.bss.ucHeap,"aw",%nobits
 732              		.align	2
 735              	ucHeap:
 736 0000 00000000 		.space	3072
 736      00000000 
 736      00000000 
 736      00000000 
 736      00000000 
ARM GAS  /tmp/ccV6o0cS.s 			page 24


 737              		.section	.bss.xBlockAllocatedBit,"aw",%nobits
 738              		.align	2
 739              		.set	.LANCHOR4,. + 0
 742              	xBlockAllocatedBit:
 743 0000 00000000 		.space	4
 744              		.section	.bss.xFreeBytesRemaining,"aw",%nobits
 745              		.align	2
 746              		.set	.LANCHOR3,. + 0
 749              	xFreeBytesRemaining:
 750 0000 00000000 		.space	4
 751              		.section	.bss.xMinimumEverFreeBytesRemaining,"aw",%nobits
 752              		.align	2
 753              		.set	.LANCHOR2,. + 0
 756              	xMinimumEverFreeBytesRemaining:
 757 0000 00000000 		.space	4
 758              		.section	.bss.xStart,"aw",%nobits
 759              		.align	2
 760              		.set	.LANCHOR0,. + 0
 763              	xStart:
 764 0000 00000000 		.space	8
 764      00000000 
 765              		.text
 766              	.Letext0:
 767              		.file 2 "/opt/gcc-arm-none-eabi-10.3-2021.10/lib/gcc/arm-none-eabi/10.3.1/include/stddef.h"
 768              		.file 3 "/opt/gcc-arm-none-eabi-10.3-2021.10/arm-none-eabi/include/machine/_default_types.h"
 769              		.file 4 "/opt/gcc-arm-none-eabi-10.3-2021.10/arm-none-eabi/include/sys/_stdint.h"
 770              		.file 5 "Middlewares/Third_Party/FreeRTOS/Source/include/task.h"
ARM GAS  /tmp/ccV6o0cS.s 			page 25


DEFINED SYMBOLS
                            *ABS*:0000000000000000 heap_4.c
     /tmp/ccV6o0cS.s:18     .text.prvHeapInit:0000000000000000 $t
     /tmp/ccV6o0cS.s:23     .text.prvHeapInit:0000000000000000 prvHeapInit
     /tmp/ccV6o0cS.s:136    .text.prvHeapInit:000000000000004c $d
     /tmp/ccV6o0cS.s:735    .bss.ucHeap:0000000000000000 ucHeap
     /tmp/ccV6o0cS.s:146    .text.prvInsertBlockIntoFreeList:0000000000000000 $t
     /tmp/ccV6o0cS.s:151    .text.prvInsertBlockIntoFreeList:0000000000000000 prvInsertBlockIntoFreeList
     /tmp/ccV6o0cS.s:262    .text.prvInsertBlockIntoFreeList:000000000000004c $d
     /tmp/ccV6o0cS.s:268    .text.pvPortMalloc:0000000000000000 $t
     /tmp/ccV6o0cS.s:274    .text.pvPortMalloc:0000000000000000 pvPortMalloc
     /tmp/ccV6o0cS.s:521    .text.pvPortMalloc:00000000000000bc $d
     /tmp/ccV6o0cS.s:530    .text.vPortFree:0000000000000000 $t
     /tmp/ccV6o0cS.s:536    .text.vPortFree:0000000000000000 vPortFree
     /tmp/ccV6o0cS.s:643    .text.vPortFree:000000000000004c $d
     /tmp/ccV6o0cS.s:649    .text.xPortGetFreeHeapSize:0000000000000000 $t
     /tmp/ccV6o0cS.s:655    .text.xPortGetFreeHeapSize:0000000000000000 xPortGetFreeHeapSize
     /tmp/ccV6o0cS.s:672    .text.xPortGetFreeHeapSize:0000000000000008 $d
     /tmp/ccV6o0cS.s:677    .text.xPortGetMinimumEverFreeHeapSize:0000000000000000 $t
     /tmp/ccV6o0cS.s:683    .text.xPortGetMinimumEverFreeHeapSize:0000000000000000 xPortGetMinimumEverFreeHeapSize
     /tmp/ccV6o0cS.s:700    .text.xPortGetMinimumEverFreeHeapSize:0000000000000008 $d
     /tmp/ccV6o0cS.s:705    .text.vPortInitialiseBlocks:0000000000000000 $t
     /tmp/ccV6o0cS.s:711    .text.vPortInitialiseBlocks:0000000000000000 vPortInitialiseBlocks
     /tmp/ccV6o0cS.s:725    .bss.pxEnd:0000000000000000 $d
     /tmp/ccV6o0cS.s:729    .bss.pxEnd:0000000000000000 pxEnd
     /tmp/ccV6o0cS.s:732    .bss.ucHeap:0000000000000000 $d
     /tmp/ccV6o0cS.s:738    .bss.xBlockAllocatedBit:0000000000000000 $d
     /tmp/ccV6o0cS.s:742    .bss.xBlockAllocatedBit:0000000000000000 xBlockAllocatedBit
     /tmp/ccV6o0cS.s:745    .bss.xFreeBytesRemaining:0000000000000000 $d
     /tmp/ccV6o0cS.s:749    .bss.xFreeBytesRemaining:0000000000000000 xFreeBytesRemaining
     /tmp/ccV6o0cS.s:752    .bss.xMinimumEverFreeBytesRemaining:0000000000000000 $d
     /tmp/ccV6o0cS.s:756    .bss.xMinimumEverFreeBytesRemaining:0000000000000000 xMinimumEverFreeBytesRemaining
     /tmp/ccV6o0cS.s:759    .bss.xStart:0000000000000000 $d
     /tmp/ccV6o0cS.s:763    .bss.xStart:0000000000000000 xStart

UNDEFINED SYMBOLS
vTaskSuspendAll
xTaskResumeAll
